<?xml version="1.0" encoding="UTF-8"?>
<coverage generated="1628421893447" clover="3.2.0">
  <project timestamp="1628421893447" name="All files">
    <metrics statements="257" coveredstatements="257" conditionals="204" coveredconditionals="200" methods="90" coveredmethods="90" elements="551" coveredelements="547" complexity="0" loc="257" ncloc="257" packages="30" files="44" classes="44"/>
    <package name="src">
      <metrics statements="1" coveredstatements="1" conditionals="0" coveredconditionals="0" methods="0" coveredmethods="0"/>
      <file name="index.ts" path="/home/lalosh/src/javascript-sdk/src/index.ts">
        <metrics statements="1" coveredstatements="1" conditionals="0" coveredconditionals="0" methods="0" coveredmethods="0"/>
        <line num="1" count="2" type="stmt"/>
      </file>
    </package>
    <package name="src.config">
      <metrics statements="1" coveredstatements="1" conditionals="0" coveredconditionals="0" methods="0" coveredmethods="0"/>
      <file name="messages.ts" path="/home/lalosh/src/javascript-sdk/src/config/messages.ts">
        <metrics statements="1" coveredstatements="1" conditionals="0" coveredconditionals="0" methods="0" coveredmethods="0"/>
        <line num="1" count="20" type="stmt"/>
      </file>
    </package>
    <package name="src.core">
      <metrics statements="0" coveredstatements="0" conditionals="0" coveredconditionals="0" methods="0" coveredmethods="0"/>
      <file name="index.ts" path="/home/lalosh/src/javascript-sdk/src/core/index.ts">
        <metrics statements="0" coveredstatements="0" conditionals="0" coveredconditionals="0" methods="0" coveredmethods="0"/>
      </file>
    </package>
    <package name="src.core.autocomplete">
      <metrics statements="5" coveredstatements="5" conditionals="0" coveredconditionals="0" methods="4" coveredmethods="4"/>
      <file name="autocomplete.ts" path="/home/lalosh/src/javascript-sdk/src/core/autocomplete/autocomplete.ts">
        <metrics statements="5" coveredstatements="5" conditionals="0" coveredconditionals="0" methods="4" coveredmethods="4"/>
        <line num="17" count="5" type="stmt"/>
        <line num="32" count="5" type="stmt"/>
        <line num="34" count="5" type="stmt"/>
        <line num="52" count="3" type="stmt"/>
        <line num="56" count="30" type="stmt"/>
      </file>
    </package>
    <package name="src.core.autocomplete-feedback">
      <metrics statements="4" coveredstatements="4" conditionals="0" coveredconditionals="0" methods="2" coveredmethods="2"/>
      <file name="autocomplete-feedback.ts" path="/home/lalosh/src/javascript-sdk/src/core/autocomplete-feedback/autocomplete-feedback.ts">
        <metrics statements="4" coveredstatements="4" conditionals="0" coveredconditionals="0" methods="2" coveredmethods="2"/>
        <line num="17" count="3" type="stmt"/>
        <line num="19" count="3" type="stmt"/>
        <line num="39" count="1" type="stmt"/>
        <line num="41" count="1" type="stmt"/>
      </file>
    </package>
    <package name="src.core.delete">
      <metrics statements="2" coveredstatements="2" conditionals="0" coveredconditionals="0" methods="1" coveredmethods="1"/>
      <file name="delete.ts" path="/home/lalosh/src/javascript-sdk/src/core/delete/delete.ts">
        <metrics statements="2" coveredstatements="2" conditionals="0" coveredconditionals="0" methods="1" coveredmethods="1"/>
        <line num="16" count="4" type="stmt"/>
        <line num="18" count="3" type="stmt"/>
      </file>
    </package>
    <package name="src.core.indexing">
      <metrics statements="2" coveredstatements="2" conditionals="0" coveredconditionals="0" methods="1" coveredmethods="1"/>
      <file name="indexing.ts" path="/home/lalosh/src/javascript-sdk/src/core/indexing/indexing.ts">
        <metrics statements="2" coveredstatements="2" conditionals="0" coveredconditionals="0" methods="1" coveredmethods="1"/>
        <line num="16" count="7" type="stmt"/>
        <line num="19" count="4" type="stmt"/>
      </file>
    </package>
    <package name="src.core.lableb-client">
      <metrics statements="3" coveredstatements="3" conditionals="1" coveredconditionals="1" methods="1" coveredmethods="1"/>
      <file name="lableb-client.ts" path="/home/lalosh/src/javascript-sdk/src/core/lableb-client/lableb-client.ts">
        <metrics statements="3" coveredstatements="3" conditionals="1" coveredconditionals="1" methods="1" coveredmethods="1"/>
        <line num="15" count="41" type="stmt"/>
        <line num="16" count="41" type="stmt"/>
        <line num="18" count="41" type="stmt"/>
      </file>
    </package>
    <package name="src.core.recommend">
      <metrics statements="5" coveredstatements="5" conditionals="0" coveredconditionals="0" methods="4" coveredmethods="4"/>
      <file name="recommend.ts" path="/home/lalosh/src/javascript-sdk/src/core/recommend/recommend.ts">
        <metrics statements="5" coveredstatements="5" conditionals="0" coveredconditionals="0" methods="4" coveredmethods="4"/>
        <line num="17" count="6" type="stmt"/>
        <line num="34" count="6" type="stmt"/>
        <line num="36" count="5" type="stmt"/>
        <line num="56" count="3" type="stmt"/>
        <line num="60" count="30" type="stmt"/>
      </file>
    </package>
    <package name="src.core.recommend-feedback">
      <metrics statements="4" coveredstatements="4" conditionals="0" coveredconditionals="0" methods="2" coveredmethods="2"/>
      <file name="recommend-feedback.ts" path="/home/lalosh/src/javascript-sdk/src/core/recommend-feedback/recommend-feedback.ts">
        <metrics statements="4" coveredstatements="4" conditionals="0" coveredconditionals="0" methods="2" coveredmethods="2"/>
        <line num="16" count="4" type="stmt"/>
        <line num="18" count="4" type="stmt"/>
        <line num="36" count="1" type="stmt"/>
        <line num="38" count="1" type="stmt"/>
      </file>
    </package>
    <package name="src.core.search">
      <metrics statements="5" coveredstatements="5" conditionals="0" coveredconditionals="0" methods="4" coveredmethods="4"/>
      <file name="search.ts" path="/home/lalosh/src/javascript-sdk/src/core/search/search.ts">
        <metrics statements="5" coveredstatements="5" conditionals="0" coveredconditionals="0" methods="4" coveredmethods="4"/>
        <line num="17" count="8" type="stmt"/>
        <line num="33" count="8" type="stmt"/>
        <line num="35" count="6" type="stmt"/>
        <line num="55" count="4" type="stmt"/>
        <line num="59" count="40" type="stmt"/>
      </file>
    </package>
    <package name="src.core.search-feedback">
      <metrics statements="4" coveredstatements="4" conditionals="0" coveredconditionals="0" methods="2" coveredmethods="2"/>
      <file name="search-feedback.ts" path="/home/lalosh/src/javascript-sdk/src/core/search-feedback/search-feedback.ts">
        <metrics statements="4" coveredstatements="4" conditionals="0" coveredconditionals="0" methods="2" coveredmethods="2"/>
        <line num="16" count="4" type="stmt"/>
        <line num="18" count="4" type="stmt"/>
        <line num="36" count="1" type="stmt"/>
        <line num="38" count="1" type="stmt"/>
      </file>
    </package>
    <package name="src.http-client">
      <metrics statements="9" coveredstatements="9" conditionals="8" coveredconditionals="8" methods="4" coveredmethods="4"/>
      <file name="client.schema.ts" path="/home/lalosh/src/javascript-sdk/src/http-client/client.schema.ts">
        <metrics statements="4" coveredstatements="4" conditionals="4" coveredconditionals="4" methods="2" coveredmethods="2"/>
        <line num="6" count="12" type="stmt"/>
        <line num="16" count="110" type="cond" truecount="2" falsecount="0"/>
        <line num="21" count="27" type="cond" truecount="2" falsecount="0"/>
        <line num="22" count="25" type="stmt"/>
      </file>
      <file name="client.ts" path="/home/lalosh/src/javascript-sdk/src/http-client/client.ts">
        <metrics statements="5" coveredstatements="5" conditionals="4" coveredconditionals="4" methods="2" coveredmethods="2"/>
        <line num="17" count="55" type="stmt"/>
        <line num="21" count="45" type="cond" truecount="2" falsecount="0"/>
        <line num="22" count="45" type="stmt"/>
        <line num="27" count="45" type="stmt"/>
        <line num="35" count="29" type="stmt"/>
      </file>
      <file name="index.ts" path="/home/lalosh/src/javascript-sdk/src/http-client/index.ts">
        <metrics statements="0" coveredstatements="0" conditionals="0" coveredconditionals="0" methods="0" coveredmethods="0"/>
      </file>
    </package>
    <package name="src.mocks">
      <metrics statements="62" coveredstatements="62" conditionals="10" coveredconditionals="9" methods="22" coveredmethods="22"/>
      <file name="handlers.ts" path="/home/lalosh/src/javascript-sdk/src/mocks/handlers.ts">
        <metrics statements="45" coveredstatements="45" conditionals="0" coveredconditionals="0" methods="12" coveredmethods="12"/>
        <line num="15" count="24" type="stmt"/>
        <line num="19" count="6" type="stmt"/>
        <line num="20" count="6" type="stmt"/>
        <line num="22" count="4" type="stmt"/>
        <line num="26" count="4" type="stmt"/>
        <line num="36" count="2" type="stmt"/>
        <line num="47" count="5" type="stmt"/>
        <line num="48" count="5" type="stmt"/>
        <line num="51" count="3" type="stmt"/>
        <line num="55" count="3" type="stmt"/>
        <line num="65" count="2" type="stmt"/>
        <line num="75" count="5" type="stmt"/>
        <line num="76" count="5" type="stmt"/>
        <line num="79" count="3" type="stmt"/>
        <line num="83" count="3" type="stmt"/>
        <line num="93" count="2" type="stmt"/>
        <line num="103" count="4" type="stmt"/>
        <line num="104" count="4" type="stmt"/>
        <line num="107" count="2" type="stmt"/>
        <line num="111" count="2" type="stmt"/>
        <line num="121" count="2" type="stmt"/>
        <line num="130" count="3" type="stmt"/>
        <line num="131" count="3" type="stmt"/>
        <line num="134" count="1" type="stmt"/>
        <line num="138" count="1" type="stmt"/>
        <line num="148" count="2" type="stmt"/>
        <line num="158" count="5" type="stmt"/>
        <line num="159" count="5" type="stmt"/>
        <line num="162" count="3" type="stmt"/>
        <line num="166" count="3" type="stmt"/>
        <line num="176" count="2" type="stmt"/>
        <line num="186" count="4" type="stmt"/>
        <line num="187" count="4" type="stmt"/>
        <line num="190" count="2" type="stmt"/>
        <line num="194" count="2" type="stmt"/>
        <line num="204" count="2" type="stmt"/>
        <line num="214" count="5" type="stmt"/>
        <line num="215" count="5" type="stmt"/>
        <line num="218" count="3" type="stmt"/>
        <line num="222" count="3" type="stmt"/>
        <line num="232" count="2" type="stmt"/>
        <line num="241" count="1" type="stmt"/>
        <line num="251" count="1" type="stmt"/>
        <line num="262" count="3" type="stmt"/>
        <line num="272" count="3" type="stmt"/>
      </file>
      <file name="manual.api.mock.ts" path="/home/lalosh/src/javascript-sdk/src/mocks/manual.api.mock.ts">
        <metrics statements="10" coveredstatements="10" conditionals="0" coveredconditionals="0" methods="8" coveredmethods="8"/>
        <line num="12" count="24" type="stmt"/>
        <line num="15" count="24" type="stmt"/>
        <line num="25" count="4" type="stmt"/>
        <line num="39" count="3" type="stmt"/>
        <line num="52" count="3" type="stmt"/>
        <line num="65" count="2" type="stmt"/>
        <line num="78" count="1" type="stmt"/>
        <line num="91" count="3" type="stmt"/>
        <line num="104" count="2" type="stmt"/>
        <line num="118" count="3" type="stmt"/>
      </file>
      <file name="mock.extractor.ts" path="/home/lalosh/src/javascript-sdk/src/mocks/mock.extractor.ts">
        <metrics statements="6" coveredstatements="6" conditionals="10" coveredconditionals="9" methods="2" coveredmethods="2"/>
        <line num="4" count="37" type="stmt"/>
        <line num="6" count="37" type="stmt"/>
        <line num="7" count="74" type="stmt"/>
        <line num="14" count="37" type="cond" truecount="2" falsecount="0"/>
        <line num="21" count="16" type="stmt"/>
        <line num="23" count="21" type="stmt"/>
      </file>
      <file name="server.ts" path="/home/lalosh/src/javascript-sdk/src/mocks/server.ts">
        <metrics statements="1" coveredstatements="1" conditionals="0" coveredconditionals="0" methods="0" coveredmethods="0"/>
        <line num="4" count="24" type="stmt"/>
      </file>
    </package>
    <package name="src.request.autocomplete">
      <metrics statements="7" coveredstatements="7" conditionals="16" coveredconditionals="16" methods="2" coveredmethods="2"/>
      <file name="autocomplete.request.ts" path="/home/lalosh/src/javascript-sdk/src/request/autocomplete/autocomplete.request.ts">
        <metrics statements="3" coveredstatements="3" conditionals="12" coveredconditionals="12" methods="1" coveredmethods="1"/>
        <line num="9" count="25" type="stmt"/>
        <line num="26" count="18" type="stmt"/>
        <line num="29" count="18" type="stmt"/>
      </file>
      <file name="autocomplete.schema.ts" path="/home/lalosh/src/javascript-sdk/src/request/autocomplete/autocomplete.schema.ts">
        <metrics statements="4" coveredstatements="4" conditionals="4" coveredconditionals="4" methods="1" coveredmethods="1"/>
        <line num="10" count="16" type="stmt"/>
        <line num="20" count="25" type="cond" truecount="4" falsecount="0"/>
        <line num="21" count="1" type="stmt"/>
        <line num="23" count="24" type="stmt"/>
      </file>
    </package>
    <package name="src.request.autocomplete-feedback">
      <metrics statements="12" coveredstatements="12" conditionals="18" coveredconditionals="18" methods="3" coveredmethods="3"/>
      <file name="autocomplete-feedback.request.ts" path="/home/lalosh/src/javascript-sdk/src/request/autocomplete-feedback/autocomplete-feedback.request.ts">
        <metrics statements="8" coveredstatements="8" conditionals="14" coveredconditionals="14" methods="2" coveredmethods="2"/>
        <line num="10" count="23" type="stmt"/>
        <line num="12" count="23" type="stmt"/>
        <line num="16" count="23" type="cond" truecount="2" falsecount="0"/>
        <line num="17" count="22" type="stmt"/>
        <line num="20" count="23" type="stmt"/>
        <line num="27" count="27" type="stmt"/>
        <line num="45" count="16" type="stmt"/>
        <line num="48" count="16" type="stmt"/>
      </file>
      <file name="autocomplete-feedback.schema.ts" path="/home/lalosh/src/javascript-sdk/src/request/autocomplete-feedback/autocomplete-feedback.schema.ts">
        <metrics statements="4" coveredstatements="4" conditionals="4" coveredconditionals="4" methods="1" coveredmethods="1"/>
        <line num="10" count="16" type="stmt"/>
        <line num="22" count="27" type="cond" truecount="4" falsecount="0"/>
        <line num="23" count="2" type="stmt"/>
        <line num="25" count="25" type="stmt"/>
      </file>
    </package>
    <package name="src.request.delete">
      <metrics statements="7" coveredstatements="7" conditionals="13" coveredconditionals="13" methods="2" coveredmethods="2"/>
      <file name="delete.request.ts" path="/home/lalosh/src/javascript-sdk/src/request/delete/delete.request.ts">
        <metrics statements="3" coveredstatements="3" conditionals="9" coveredconditionals="9" methods="1" coveredmethods="1"/>
        <line num="10" count="18" type="stmt"/>
        <line num="25" count="14" type="stmt"/>
        <line num="29" count="14" type="stmt"/>
      </file>
      <file name="delete.schema.ts" path="/home/lalosh/src/javascript-sdk/src/request/delete/delete.schema.ts">
        <metrics statements="4" coveredstatements="4" conditionals="4" coveredconditionals="4" methods="1" coveredmethods="1"/>
        <line num="8" count="16" type="stmt"/>
        <line num="17" count="18" type="cond" truecount="4" falsecount="0"/>
        <line num="18" count="1" type="stmt"/>
        <line num="20" count="17" type="stmt"/>
      </file>
    </package>
    <package name="src.request.feedback">
      <metrics statements="5" coveredstatements="5" conditionals="2" coveredconditionals="2" methods="1" coveredmethods="1"/>
      <file name="feedback.document.schema.ts" path="/home/lalosh/src/javascript-sdk/src/request/feedback/feedback.document.schema.ts">
        <metrics statements="5" coveredstatements="5" conditionals="2" coveredconditionals="2" methods="1" coveredmethods="1"/>
        <line num="9" count="16" type="stmt"/>
        <line num="24" count="16" type="stmt"/>
        <line num="40" count="31" type="cond" truecount="2" falsecount="0"/>
        <line num="41" count="1" type="stmt"/>
        <line num="43" count="30" type="stmt"/>
      </file>
    </package>
    <package name="src.request.indexing">
      <metrics statements="7" coveredstatements="7" conditionals="13" coveredconditionals="13" methods="2" coveredmethods="2"/>
      <file name="indexing.request.ts" path="/home/lalosh/src/javascript-sdk/src/request/indexing/indexing.request.ts">
        <metrics statements="3" coveredstatements="3" conditionals="9" coveredconditionals="9" methods="1" coveredmethods="1"/>
        <line num="11" count="23" type="stmt"/>
        <line num="26" count="15" type="stmt"/>
        <line num="30" count="15" type="stmt"/>
      </file>
      <file name="indexing.schema.ts" path="/home/lalosh/src/javascript-sdk/src/request/indexing/indexing.schema.ts">
        <metrics statements="4" coveredstatements="4" conditionals="4" coveredconditionals="4" methods="1" coveredmethods="1"/>
        <line num="18" count="16" type="stmt"/>
        <line num="27" count="23" type="cond" truecount="4" falsecount="0"/>
        <line num="28" count="2" type="stmt"/>
        <line num="30" count="21" type="stmt"/>
      </file>
    </package>
    <package name="src.request.main">
      <metrics statements="5" coveredstatements="5" conditionals="1" coveredconditionals="1" methods="1" coveredmethods="1"/>
      <file name="main.request.schema.ts" path="/home/lalosh/src/javascript-sdk/src/request/main/main.request.schema.ts">
        <metrics statements="3" coveredstatements="3" conditionals="0" coveredconditionals="0" methods="0" coveredmethods="0"/>
        <line num="8" count="16" type="stmt"/>
        <line num="26" count="16" type="stmt"/>
        <line num="37" count="16" type="stmt"/>
      </file>
      <file name="main.request.ts" path="/home/lalosh/src/javascript-sdk/src/request/main/main.request.ts">
        <metrics statements="2" coveredstatements="2" conditionals="1" coveredconditionals="1" methods="1" coveredmethods="1"/>
        <line num="15" count="166" type="stmt"/>
        <line num="17" count="166" type="stmt"/>
      </file>
    </package>
    <package name="src.request.recommend">
      <metrics statements="7" coveredstatements="7" conditionals="16" coveredconditionals="16" methods="2" coveredmethods="2"/>
      <file name="recommend.request.ts" path="/home/lalosh/src/javascript-sdk/src/request/recommend/recommend.request.ts">
        <metrics statements="3" coveredstatements="3" conditionals="12" coveredconditionals="12" methods="1" coveredmethods="1"/>
        <line num="10" count="28" type="stmt"/>
        <line num="27" count="19" type="stmt"/>
        <line num="30" count="19" type="stmt"/>
      </file>
      <file name="recommend.schema.ts" path="/home/lalosh/src/javascript-sdk/src/request/recommend/recommend.schema.ts">
        <metrics statements="4" coveredstatements="4" conditionals="4" coveredconditionals="4" methods="1" coveredmethods="1"/>
        <line num="9" count="16" type="stmt"/>
        <line num="19" count="28" type="cond" truecount="4" falsecount="0"/>
        <line num="20" count="1" type="stmt"/>
        <line num="22" count="27" type="stmt"/>
      </file>
    </package>
    <package name="src.request.recommend-feedback">
      <metrics statements="12" coveredstatements="12" conditionals="18" coveredconditionals="18" methods="3" coveredmethods="3"/>
      <file name="recommend-feedback.request.ts" path="/home/lalosh/src/javascript-sdk/src/request/recommend-feedback/recommend-feedback.request.ts">
        <metrics statements="8" coveredstatements="8" conditionals="14" coveredconditionals="14" methods="2" coveredmethods="2"/>
        <line num="10" count="29" type="stmt"/>
        <line num="12" count="29" type="stmt"/>
        <line num="16" count="29" type="cond" truecount="2" falsecount="0"/>
        <line num="17" count="28" type="stmt"/>
        <line num="20" count="29" type="stmt"/>
        <line num="27" count="33" type="stmt"/>
        <line num="45" count="18" type="stmt"/>
        <line num="48" count="18" type="stmt"/>
      </file>
      <file name="recommend-feedback.schema.ts" path="/home/lalosh/src/javascript-sdk/src/request/recommend-feedback/recommend-feedback.schema.ts">
        <metrics statements="4" coveredstatements="4" conditionals="4" coveredconditionals="4" methods="1" coveredmethods="1"/>
        <line num="10" count="16" type="stmt"/>
        <line num="22" count="33" type="cond" truecount="4" falsecount="0"/>
        <line num="23" count="2" type="stmt"/>
        <line num="25" count="31" type="stmt"/>
      </file>
    </package>
    <package name="src.request.search">
      <metrics statements="11" coveredstatements="11" conditionals="20" coveredconditionals="19" methods="2" coveredmethods="2"/>
      <file name="search.request.ts" path="/home/lalosh/src/javascript-sdk/src/request/search/search.request.ts">
        <metrics statements="7" coveredstatements="7" conditionals="16" coveredconditionals="15" methods="1" coveredmethods="1"/>
        <line num="10" count="31" type="stmt"/>
        <line num="29" count="20" type="stmt"/>
        <line num="32" count="20" type="stmt"/>
        <line num="33" count="20" type="cond" truecount="2" falsecount="0"/>
        <line num="34" count="2" type="stmt"/>
        <line num="35" count="2" type="cond" truecount="1" falsecount="1"/>
        <line num="38" count="20" type="stmt"/>
      </file>
      <file name="search.schema.ts" path="/home/lalosh/src/javascript-sdk/src/request/search/search.schema.ts">
        <metrics statements="4" coveredstatements="4" conditionals="4" coveredconditionals="4" methods="1" coveredmethods="1"/>
        <line num="9" count="16" type="stmt"/>
        <line num="19" count="31" type="cond" truecount="4" falsecount="0"/>
        <line num="20" count="1" type="stmt"/>
        <line num="22" count="30" type="stmt"/>
      </file>
    </package>
    <package name="src.request.search-feedback">
      <metrics statements="12" coveredstatements="12" conditionals="18" coveredconditionals="18" methods="3" coveredmethods="3"/>
      <file name="search-feedback.request.ts" path="/home/lalosh/src/javascript-sdk/src/request/search-feedback/search-feedback.request.ts">
        <metrics statements="8" coveredstatements="8" conditionals="14" coveredconditionals="14" methods="2" coveredmethods="2"/>
        <line num="10" count="24" type="stmt"/>
        <line num="12" count="24" type="stmt"/>
        <line num="16" count="24" type="cond" truecount="2" falsecount="0"/>
        <line num="17" count="23" type="stmt"/>
        <line num="20" count="24" type="stmt"/>
        <line num="26" count="28" type="stmt"/>
        <line num="44" count="17" type="stmt"/>
        <line num="47" count="17" type="stmt"/>
      </file>
      <file name="search-feedback.schema.ts" path="/home/lalosh/src/javascript-sdk/src/request/search-feedback/search-feedback.schema.ts">
        <metrics statements="4" coveredstatements="4" conditionals="4" coveredconditionals="4" methods="1" coveredmethods="1"/>
        <line num="10" count="16" type="stmt"/>
        <line num="22" count="28" type="cond" truecount="4" falsecount="0"/>
        <line num="23" count="2" type="stmt"/>
        <line num="25" count="26" type="stmt"/>
      </file>
    </package>
    <package name="src.utils">
      <metrics statements="0" coveredstatements="0" conditionals="0" coveredconditionals="0" methods="0" coveredmethods="0"/>
      <file name="index.ts" path="/home/lalosh/src/javascript-sdk/src/utils/index.ts">
        <metrics statements="0" coveredstatements="0" conditionals="0" coveredconditionals="0" methods="0" coveredmethods="0"/>
      </file>
    </package>
    <package name="src.utils.functional">
      <metrics statements="10" coveredstatements="10" conditionals="12" coveredconditionals="12" methods="3" coveredmethods="3"/>
      <file name="functional.ts" path="/home/lalosh/src/javascript-sdk/src/utils/functional/functional.ts">
        <metrics statements="10" coveredstatements="10" conditionals="12" coveredconditionals="12" methods="3" coveredmethods="3"/>
        <line num="7" count="258" type="cond" truecount="2" falsecount="0"/>
        <line num="9" count="257" type="stmt"/>
        <line num="10" count="1078" type="cond" truecount="2" falsecount="0"/>
        <line num="11" count="310" type="stmt"/>
        <line num="15" count="257" type="stmt"/>
        <line num="24" count="1087" type="cond" truecount="4" falsecount="0"/>
        <line num="25" count="10" type="stmt"/>
        <line num="27" count="1077" type="cond" truecount="4" falsecount="0"/>
        <line num="28" count="4" type="stmt"/>
        <line num="30" count="1073" type="stmt"/>
      </file>
    </package>
    <package name="src.utils.http.utils">
      <metrics statements="8" coveredstatements="8" conditionals="5" coveredconditionals="3" methods="3" coveredmethods="3"/>
      <file name="http.utils.ts" path="/home/lalosh/src/javascript-sdk/src/utils/http.utils/http.utils.ts">
        <metrics statements="8" coveredstatements="8" conditionals="5" coveredconditionals="3" methods="3" coveredmethods="3"/>
        <line num="1" count="21" type="stmt"/>
        <line num="6" count="138" type="cond" truecount="2" falsecount="0"/>
        <line num="8" count="97" type="stmt"/>
        <line num="24" count="3" type="stmt"/>
        <line num="26" count="3" type="stmt"/>
        <line num="28" count="4" type="stmt"/>
        <line num="30" count="4" type="cond" truecount="1" falsecount="1"/>
        <line num="33" count="3" type="stmt"/>
      </file>
    </package>
    <package name="src.utils.string.utils">
      <metrics statements="14" coveredstatements="14" conditionals="3" coveredconditionals="3" methods="6" coveredmethods="6"/>
      <file name="string.utils.ts" path="/home/lalosh/src/javascript-sdk/src/utils/string.utils/string.utils.ts">
        <metrics statements="14" coveredstatements="14" conditionals="3" coveredconditionals="3" methods="6" coveredmethods="6"/>
        <line num="10" count="125" type="stmt"/>
        <line num="13" count="59" type="stmt"/>
        <line num="15" count="59" type="stmt"/>
        <line num="16" count="125" type="stmt"/>
        <line num="17" count="125" type="stmt"/>
        <line num="18" count="125" type="stmt"/>
        <line num="21" count="59" type="stmt"/>
        <line num="33" count="4" type="stmt"/>
        <line num="34" count="5" type="cond" truecount="3" falsecount="0"/>
        <line num="39" count="4" type="stmt"/>
        <line num="41" count="4" type="stmt"/>
        <line num="42" count="5" type="stmt"/>
        <line num="43" count="10" type="stmt"/>
        <line num="46" count="4" type="stmt"/>
      </file>
    </package>
    <package name="src.utils.test.utils">
      <metrics statements="9" coveredstatements="9" conditionals="0" coveredconditionals="0" methods="3" coveredmethods="3"/>
      <file name="test.utils.ts" path="/home/lalosh/src/javascript-sdk/src/utils/test.utils/test.utils.ts">
        <metrics statements="9" coveredstatements="9" conditionals="0" coveredconditionals="0" methods="3" coveredmethods="3"/>
        <line num="17" count="7" type="stmt"/>
        <line num="18" count="7" type="stmt"/>
        <line num="20" count="7" type="stmt"/>
        <line num="35" count="6" type="stmt"/>
        <line num="36" count="6" type="stmt"/>
        <line num="38" count="6" type="stmt"/>
        <line num="52" count="6" type="stmt"/>
        <line num="53" count="6" type="stmt"/>
        <line num="55" count="6" type="stmt"/>
      </file>
    </package>
    <package name="src.utils.validations">
      <metrics statements="24" coveredstatements="24" conditionals="30" coveredconditionals="30" methods="7" coveredmethods="7"/>
      <file name="validations.ts" path="/home/lalosh/src/javascript-sdk/src/utils/validations/validations.ts">
        <metrics statements="24" coveredstatements="24" conditionals="30" coveredconditionals="30" methods="7" coveredmethods="7"/>
        <line num="7" count="25" type="stmt"/>
        <line num="11" count="258" type="cond" truecount="4" falsecount="0"/>
        <line num="12" count="25" type="stmt"/>
        <line num="14" count="233" type="stmt"/>
        <line num="20" count="444" type="cond" truecount="2" falsecount="0"/>
        <line num="21" count="281" type="stmt"/>
        <line num="23" count="163" type="cond" truecount="4" falsecount="0"/>
        <line num="24" count="3" type="stmt"/>
        <line num="26" count="160" type="cond" truecount="4" falsecount="0"/>
        <line num="27" count="2" type="stmt"/>
        <line num="30" count="158" type="stmt"/>
        <line num="36" count="60" type="cond" truecount="4" falsecount="0"/>
        <line num="37" count="1" type="stmt"/>
        <line num="39" count="59" type="stmt"/>
        <line num="44" count="58" type="cond" truecount="4" falsecount="0"/>
        <line num="45" count="3" type="stmt"/>
        <line num="47" count="55" type="stmt"/>
        <line num="53" count="3" type="cond" truecount="2" falsecount="0"/>
        <line num="55" count="2" type="cond" truecount="2" falsecount="0"/>
        <line num="60" count="202" type="cond" truecount="2" falsecount="0"/>
        <line num="61" count="168" type="stmt"/>
        <line num="63" count="34" type="cond" truecount="2" falsecount="0"/>
        <line num="64" count="31" type="stmt"/>
        <line num="66" count="3" type="stmt"/>
      </file>
    </package>
  </project>
</coverage>
