{"/home/lalosh/src/javascript-sdk/src/index.ts": {"path":"/home/lalosh/src/javascript-sdk/src/index.ts","statementMap":{"0":{"start":{"line":1,"column":0},"end":{"line":1,"column":43}}},"fnMap":{},"branchMap":{},"s":{"0":2},"f":{},"b":{},"_coverageSchema":"1a1c01bbd47fc00a2c39e90264f33305004495a9","hash":"4ae9b800d75dd3d9a84a2238f5b32ab59ea5d711"}
,"/home/lalosh/src/javascript-sdk/src/config/messages.ts": {"path":"/home/lalosh/src/javascript-sdk/src/config/messages.ts","statementMap":{"0":{"start":{"line":1,"column":24},"end":{"line":56,"column":1}}},"fnMap":{},"branchMap":{},"s":{"0":20},"f":{},"b":{},"_coverageSchema":"1a1c01bbd47fc00a2c39e90264f33305004495a9","hash":"4b03208bb2b877d58c95ee0cbf42d35c4dc11daa"}
,"/home/lalosh/src/javascript-sdk/src/core/index.ts": {"path":"/home/lalosh/src/javascript-sdk/src/core/index.ts","statementMap":{},"fnMap":{},"branchMap":{},"s":{},"f":{},"b":{},"_coverageSchema":"1a1c01bbd47fc00a2c39e90264f33305004495a9","hash":"3718627efc884424782661861120feb7291aa854"}
,"/home/lalosh/src/javascript-sdk/src/core/autocomplete/autocomplete.ts": {"path":"/home/lalosh/src/javascript-sdk/src/core/autocomplete/autocomplete.ts","statementMap":{"0":{"start":{"line":17,"column":4},"end":{"line":20,"column":5}},"1":{"start":{"line":32,"column":45},"end":{"line":32,"column":104}},"2":{"start":{"line":34,"column":4},"end":{"line":39,"column":7}},"3":{"start":{"line":52,"column":4},"end":{"line":70,"column":5}},"4":{"start":{"line":56,"column":79},"end":{"line":68,"column":13}}},"fnMap":{"0":{"name":"lablebClientAutocomplete","decl":{"start":{"line":8,"column":22},"end":{"line":8,"column":46}},"loc":{"start":{"line":14,"column":71},"end":{"line":21,"column":1}},"line":14},"1":{"name":"lablebClientNativeAutocomplete","decl":{"start":{"line":24,"column":22},"end":{"line":24,"column":52}},"loc":{"start":{"line":30,"column":59},"end":{"line":40,"column":1}},"line":30},"2":{"name":"injectFeedbackDataIntoAutocompleteResponse","decl":{"start":{"line":44,"column":9},"end":{"line":44,"column":51}},"loc":{"start":{"line":50,"column":62},"end":{"line":71,"column":1}},"line":50},"3":{"name":"(anonymous_3)","decl":{"start":{"line":56,"column":57},"end":{"line":56,"column":58}},"loc":{"start":{"line":56,"column":79},"end":{"line":68,"column":13}},"line":56}},"branchMap":{},"s":{"0":5,"1":5,"2":5,"3":3,"4":30},"f":{"0":5,"1":5,"2":3,"3":30},"b":{},"_coverageSchema":"1a1c01bbd47fc00a2c39e90264f33305004495a9","hash":"5d70d0d3bc060b203da63fc015e5ccebce3dfb11"}
,"/home/lalosh/src/javascript-sdk/src/core/autocomplete-feedback/autocomplete-feedback.ts": {"path":"/home/lalosh/src/javascript-sdk/src/core/autocomplete-feedback/autocomplete-feedback.ts","statementMap":{"0":{"start":{"line":17,"column":51},"end":{"line":17,"column":140}},"1":{"start":{"line":19,"column":4},"end":{"line":25,"column":7}},"2":{"start":{"line":39,"column":51},"end":{"line":39,"column":138}},"3":{"start":{"line":41,"column":4},"end":{"line":47,"column":7}}},"fnMap":{"0":{"name":"lablebClientSingleAutocompleteFeedback","decl":{"start":{"line":9,"column":22},"end":{"line":9,"column":60}},"loc":{"start":{"line":15,"column":67},"end":{"line":26,"column":1}},"line":15},"1":{"name":"lablebClientBatchAutocompleteFeedback","decl":{"start":{"line":31,"column":22},"end":{"line":31,"column":59}},"loc":{"start":{"line":37,"column":67},"end":{"line":48,"column":1}},"line":37}},"branchMap":{},"s":{"0":3,"1":3,"2":1,"3":1},"f":{"0":3,"1":1},"b":{},"_coverageSchema":"1a1c01bbd47fc00a2c39e90264f33305004495a9","hash":"6e2e4d3dceb184fd20c3e970651db21208c440b7"}
,"/home/lalosh/src/javascript-sdk/src/core/delete/delete.ts": {"path":"/home/lalosh/src/javascript-sdk/src/core/delete/delete.ts","statementMap":{"0":{"start":{"line":16,"column":45},"end":{"line":16,"column":92}},"1":{"start":{"line":18,"column":4},"end":{"line":23,"column":7}}},"fnMap":{"0":{"name":"lablebClientDelete","decl":{"start":{"line":8,"column":22},"end":{"line":8,"column":40}},"loc":{"start":{"line":14,"column":53},"end":{"line":24,"column":1}},"line":14}},"branchMap":{},"s":{"0":4,"1":3},"f":{"0":4},"b":{},"_coverageSchema":"1a1c01bbd47fc00a2c39e90264f33305004495a9","hash":"f47162432a6ec263434b43366475782e2ff07511"}
,"/home/lalosh/src/javascript-sdk/src/core/indexing/indexing.ts": {"path":"/home/lalosh/src/javascript-sdk/src/core/indexing/indexing.ts","statementMap":{"0":{"start":{"line":16,"column":51},"end":{"line":16,"column":99}},"1":{"start":{"line":19,"column":4},"end":{"line":25,"column":7}}},"fnMap":{"0":{"name":"lablebClientIndexing","decl":{"start":{"line":8,"column":22},"end":{"line":8,"column":42}},"loc":{"start":{"line":14,"column":55},"end":{"line":26,"column":1}},"line":14}},"branchMap":{},"s":{"0":7,"1":4},"f":{"0":7},"b":{},"_coverageSchema":"1a1c01bbd47fc00a2c39e90264f33305004495a9","hash":"95c0d0c709ad42765ee277ed90bfda3c024884c7"}
,"/home/lalosh/src/javascript-sdk/src/core/lableb-client/lableb-client.ts": {"path":"/home/lalosh/src/javascript-sdk/src/core/lableb-client/lableb-client.ts","statementMap":{"0":{"start":{"line":15,"column":27},"end":{"line":15,"column":68}},"1":{"start":{"line":16,"column":26},"end":{"line":16,"column":44}},"2":{"start":{"line":18,"column":4},"end":{"line":38,"column":5}}},"fnMap":{"0":{"name":"LablebClient","decl":{"start":{"line":13,"column":22},"end":{"line":13,"column":34}},"loc":{"start":{"line":13,"column":77},"end":{"line":39,"column":1}},"line":13}},"branchMap":{"0":{"loc":{"start":{"line":13,"column":35},"end":{"line":13,"column":75}},"type":"default-arg","locations":[{"start":{"line":13,"column":73},"end":{"line":13,"column":75}}],"line":13}},"s":{"0":41,"1":41,"2":41},"f":{"0":41},"b":{"0":[1]},"_coverageSchema":"1a1c01bbd47fc00a2c39e90264f33305004495a9","hash":"d1c6ddbba627b7bd23dfd17f881f80999e3db129"}
,"/home/lalosh/src/javascript-sdk/src/core/recommend/recommend.ts": {"path":"/home/lalosh/src/javascript-sdk/src/core/recommend/recommend.ts","statementMap":{"0":{"start":{"line":17,"column":4},"end":{"line":20,"column":6}},"1":{"start":{"line":34,"column":45},"end":{"line":34,"column":98}},"2":{"start":{"line":36,"column":4},"end":{"line":41,"column":7}},"3":{"start":{"line":56,"column":4},"end":{"line":80,"column":5}},"4":{"start":{"line":60,"column":82},"end":{"line":78,"column":13}}},"fnMap":{"0":{"name":"lablebClientRecommend","decl":{"start":{"line":9,"column":22},"end":{"line":9,"column":43}},"loc":{"start":{"line":15,"column":68},"end":{"line":21,"column":1}},"line":15},"1":{"name":"lablebClientNativeRecommend","decl":{"start":{"line":26,"column":15},"end":{"line":26,"column":42}},"loc":{"start":{"line":32,"column":56},"end":{"line":42,"column":1}},"line":32},"2":{"name":"injectFeedbackDataIntoRecommendResponse","decl":{"start":{"line":48,"column":9},"end":{"line":48,"column":48}},"loc":{"start":{"line":54,"column":59},"end":{"line":81,"column":1}},"line":54},"3":{"name":"(anonymous_3)","decl":{"start":{"line":60,"column":60},"end":{"line":60,"column":61}},"loc":{"start":{"line":60,"column":82},"end":{"line":78,"column":13}},"line":60}},"branchMap":{},"s":{"0":6,"1":6,"2":5,"3":3,"4":30},"f":{"0":6,"1":6,"2":3,"3":30},"b":{},"_coverageSchema":"1a1c01bbd47fc00a2c39e90264f33305004495a9","hash":"b056c6a2c6dc2a2e5a99eee0561d6a3195d60fde"}
,"/home/lalosh/src/javascript-sdk/src/core/recommend-feedback/recommend-feedback.ts": {"path":"/home/lalosh/src/javascript-sdk/src/core/recommend-feedback/recommend-feedback.ts","statementMap":{"0":{"start":{"line":16,"column":51},"end":{"line":16,"column":134}},"1":{"start":{"line":18,"column":4},"end":{"line":24,"column":7}},"2":{"start":{"line":36,"column":51},"end":{"line":36,"column":132}},"3":{"start":{"line":38,"column":4},"end":{"line":44,"column":7}}},"fnMap":{"0":{"name":"lablebClientSingleRecommendFeedback","decl":{"start":{"line":8,"column":22},"end":{"line":8,"column":57}},"loc":{"start":{"line":14,"column":64},"end":{"line":25,"column":1}},"line":14},"1":{"name":"lablebClientBatchRecommendFeedback","decl":{"start":{"line":28,"column":22},"end":{"line":28,"column":56}},"loc":{"start":{"line":34,"column":64},"end":{"line":45,"column":1}},"line":34}},"branchMap":{},"s":{"0":4,"1":4,"2":1,"3":1},"f":{"0":4,"1":1},"b":{},"_coverageSchema":"1a1c01bbd47fc00a2c39e90264f33305004495a9","hash":"3990e9f6a2cdd611a1e973683139aacd67cac8ca"}
,"/home/lalosh/src/javascript-sdk/src/core/search/search.ts": {"path":"/home/lalosh/src/javascript-sdk/src/core/search/search.ts","statementMap":{"0":{"start":{"line":17,"column":4},"end":{"line":20,"column":6}},"1":{"start":{"line":33,"column":45},"end":{"line":33,"column":92}},"2":{"start":{"line":35,"column":4},"end":{"line":40,"column":7}},"3":{"start":{"line":55,"column":4},"end":{"line":73,"column":5}},"4":{"start":{"line":59,"column":79},"end":{"line":71,"column":13}}},"fnMap":{"0":{"name":"lablebClientSearch","decl":{"start":{"line":9,"column":22},"end":{"line":9,"column":40}},"loc":{"start":{"line":15,"column":65},"end":{"line":21,"column":1}},"line":15},"1":{"name":"lablebClientNativeSearch","decl":{"start":{"line":25,"column":15},"end":{"line":25,"column":39}},"loc":{"start":{"line":31,"column":53},"end":{"line":41,"column":1}},"line":31},"2":{"name":"injectFeedbackDataIntoSearchResponse","decl":{"start":{"line":47,"column":9},"end":{"line":47,"column":45}},"loc":{"start":{"line":53,"column":56},"end":{"line":74,"column":1}},"line":53},"3":{"name":"(anonymous_3)","decl":{"start":{"line":59,"column":57},"end":{"line":59,"column":58}},"loc":{"start":{"line":59,"column":79},"end":{"line":71,"column":13}},"line":59}},"branchMap":{},"s":{"0":8,"1":8,"2":6,"3":4,"4":40},"f":{"0":8,"1":8,"2":4,"3":40},"b":{},"_coverageSchema":"1a1c01bbd47fc00a2c39e90264f33305004495a9","hash":"5a2e6513fa52e3eb9f07295c10467d2471548396"}
,"/home/lalosh/src/javascript-sdk/src/core/search-feedback/search-feedback.ts": {"path":"/home/lalosh/src/javascript-sdk/src/core/search-feedback/search-feedback.ts","statementMap":{"0":{"start":{"line":16,"column":51},"end":{"line":16,"column":128}},"1":{"start":{"line":18,"column":4},"end":{"line":24,"column":7}},"2":{"start":{"line":36,"column":51},"end":{"line":36,"column":126}},"3":{"start":{"line":38,"column":4},"end":{"line":44,"column":7}}},"fnMap":{"0":{"name":"lablebClientSingleSearchFeedback","decl":{"start":{"line":8,"column":22},"end":{"line":8,"column":54}},"loc":{"start":{"line":14,"column":61},"end":{"line":25,"column":1}},"line":14},"1":{"name":"lablebClientBatchSearchFeedback","decl":{"start":{"line":28,"column":22},"end":{"line":28,"column":53}},"loc":{"start":{"line":34,"column":61},"end":{"line":45,"column":1}},"line":34}},"branchMap":{},"s":{"0":4,"1":4,"2":1,"3":1},"f":{"0":4,"1":1},"b":{},"_coverageSchema":"1a1c01bbd47fc00a2c39e90264f33305004495a9","hash":"4c7ea902eacf273ff4d9747a8348997581659b55"}
,"/home/lalosh/src/javascript-sdk/src/http-client/client.schema.ts": {"path":"/home/lalosh/src/javascript-sdk/src/http-client/client.schema.ts","statementMap":{"0":{"start":{"line":6,"column":38},"end":{"line":35,"column":2}},"1":{"start":{"line":16,"column":31},"end":{"line":16,"column":66}},"2":{"start":{"line":21,"column":20},"end":{"line":21,"column":44}},"3":{"start":{"line":21,"column":31},"end":{"line":21,"column":44}},"4":{"start":{"line":22,"column":20},"end":{"line":22,"column":32}}},"fnMap":{"0":{"name":"(anonymous_0)","decl":{"start":{"line":16,"column":12},"end":{"line":16,"column":13}},"loc":{"start":{"line":16,"column":31},"end":{"line":16,"column":66}},"line":16},"1":{"name":"(anonymous_1)","decl":{"start":{"line":20,"column":16},"end":{"line":20,"column":17}},"loc":{"start":{"line":20,"column":32},"end":{"line":23,"column":17}},"line":20}},"branchMap":{"0":{"loc":{"start":{"line":16,"column":31},"end":{"line":16,"column":66}},"type":"binary-expr","locations":[{"start":{"line":16,"column":31},"end":{"line":16,"column":45}},{"start":{"line":16,"column":49},"end":{"line":16,"column":66}}],"line":16},"1":{"loc":{"start":{"line":21,"column":20},"end":{"line":21,"column":44}},"type":"if","locations":[{"start":{"line":21,"column":20},"end":{"line":21,"column":44}},{"start":{"line":21,"column":20},"end":{"line":21,"column":44}}],"line":21}},"s":{"0":12,"1":110,"2":27,"3":2,"4":25},"f":{"0":110,"1":27},"b":{"0":[110,70],"1":[2,25]},"_coverageSchema":"1a1c01bbd47fc00a2c39e90264f33305004495a9","hash":"7c8941476e282676fd9e86ee212bd56c02965c8e"}
,"/home/lalosh/src/javascript-sdk/src/http-client/client.ts": {"path":"/home/lalosh/src/javascript-sdk/src/http-client/client.ts","statementMap":{"0":{"start":{"line":17,"column":8},"end":{"line":17,"column":54}},"1":{"start":{"line":21,"column":18},"end":{"line":21,"column":62}},"2":{"start":{"line":22,"column":21},"end":{"line":25,"column":5}},"3":{"start":{"line":27,"column":4},"end":{"line":35,"column":48}},"4":{"start":{"line":35,"column":33},"end":{"line":35,"column":46}}},"fnMap":{"0":{"name":"LablebHttpClient","decl":{"start":{"line":8,"column":22},"end":{"line":8,"column":38}},"loc":{"start":{"line":8,"column":72},"end":{"line":36,"column":1}},"line":8},"1":{"name":"(anonymous_1)","decl":{"start":{"line":35,"column":14},"end":{"line":35,"column":15}},"loc":{"start":{"line":35,"column":33},"end":{"line":35,"column":46}},"line":35}},"branchMap":{"0":{"loc":{"start":{"line":21,"column":18},"end":{"line":21,"column":62}},"type":"cond-expr","locations":[{"start":{"line":21,"column":39},"end":{"line":21,"column":43}},{"start":{"line":21,"column":46},"end":{"line":21,"column":62}}],"line":21},"1":{"loc":{"start":{"line":24,"column":24},"end":{"line":24,"column":92}},"type":"cond-expr","locations":[{"start":{"line":24,"column":50},"end":{"line":24,"column":71}},{"start":{"line":24,"column":74},"end":{"line":24,"column":92}}],"line":24}},"s":{"0":55,"1":45,"2":45,"3":45,"4":29},"f":{"0":55,"1":29},"b":{"0":[43,2],"1":[2,43]},"_coverageSchema":"1a1c01bbd47fc00a2c39e90264f33305004495a9","hash":"afec8dc2ce78f2ec36c4ff41096571c9a23af4a7"}
,"/home/lalosh/src/javascript-sdk/src/http-client/index.ts": {"path":"/home/lalosh/src/javascript-sdk/src/http-client/index.ts","statementMap":{},"fnMap":{},"branchMap":{},"s":{},"f":{},"b":{},"_coverageSchema":"1a1c01bbd47fc00a2c39e90264f33305004495a9","hash":"554724a3f29dc9a276f5764c95fa595d043f7b99"}
,"/home/lalosh/src/javascript-sdk/src/mocks/handlers.ts": {"path":"/home/lalosh/src/javascript-sdk/src/mocks/handlers.ts","statementMap":{"0":{"start":{"line":15,"column":24},"end":{"line":279,"column":1}},"1":{"start":{"line":19,"column":8},"end":{"line":39,"column":9}},"2":{"start":{"line":20,"column":63},"end":{"line":20,"column":104}},"3":{"start":{"line":22,"column":29},"end":{"line":24,"column":14}},"4":{"start":{"line":26,"column":12},"end":{"line":33,"column":14}},"5":{"start":{"line":36,"column":12},"end":{"line":38,"column":14}},"6":{"start":{"line":47,"column":8},"end":{"line":68,"column":9}},"7":{"start":{"line":48,"column":69},"end":{"line":48,"column":110}},"8":{"start":{"line":51,"column":29},"end":{"line":53,"column":14}},"9":{"start":{"line":55,"column":12},"end":{"line":62,"column":14}},"10":{"start":{"line":65,"column":12},"end":{"line":67,"column":14}},"11":{"start":{"line":75,"column":8},"end":{"line":96,"column":9}},"12":{"start":{"line":76,"column":66},"end":{"line":76,"column":107}},"13":{"start":{"line":79,"column":29},"end":{"line":81,"column":14}},"14":{"start":{"line":83,"column":12},"end":{"line":90,"column":14}},"15":{"start":{"line":93,"column":12},"end":{"line":95,"column":14}},"16":{"start":{"line":103,"column":8},"end":{"line":124,"column":9}},"17":{"start":{"line":104,"column":65},"end":{"line":104,"column":106}},"18":{"start":{"line":107,"column":29},"end":{"line":109,"column":14}},"19":{"start":{"line":111,"column":12},"end":{"line":118,"column":14}},"20":{"start":{"line":121,"column":12},"end":{"line":123,"column":14}},"21":{"start":{"line":130,"column":8},"end":{"line":151,"column":9}},"22":{"start":{"line":131,"column":63},"end":{"line":131,"column":104}},"23":{"start":{"line":134,"column":29},"end":{"line":136,"column":14}},"24":{"start":{"line":138,"column":12},"end":{"line":145,"column":14}},"25":{"start":{"line":148,"column":12},"end":{"line":150,"column":14}},"26":{"start":{"line":158,"column":8},"end":{"line":179,"column":9}},"27":{"start":{"line":159,"column":76},"end":{"line":159,"column":117}},"28":{"start":{"line":162,"column":29},"end":{"line":164,"column":14}},"29":{"start":{"line":166,"column":12},"end":{"line":173,"column":14}},"30":{"start":{"line":176,"column":12},"end":{"line":178,"column":14}},"31":{"start":{"line":186,"column":8},"end":{"line":207,"column":9}},"32":{"start":{"line":187,"column":82},"end":{"line":187,"column":123}},"33":{"start":{"line":190,"column":29},"end":{"line":192,"column":14}},"34":{"start":{"line":194,"column":12},"end":{"line":201,"column":14}},"35":{"start":{"line":204,"column":12},"end":{"line":206,"column":14}},"36":{"start":{"line":214,"column":8},"end":{"line":235,"column":9}},"37":{"start":{"line":215,"column":79},"end":{"line":215,"column":120}},"38":{"start":{"line":218,"column":29},"end":{"line":220,"column":14}},"39":{"start":{"line":222,"column":12},"end":{"line":229,"column":14}},"40":{"start":{"line":232,"column":12},"end":{"line":234,"column":14}},"41":{"start":{"line":241,"column":8},"end":{"line":246,"column":10}},"42":{"start":{"line":251,"column":8},"end":{"line":256,"column":10}},"43":{"start":{"line":262,"column":8},"end":{"line":267,"column":10}},"44":{"start":{"line":272,"column":8},"end":{"line":277,"column":10}}},"fnMap":{"0":{"name":"(anonymous_0)","decl":{"start":{"line":17,"column":42},"end":{"line":17,"column":43}},"loc":{"start":{"line":17,"column":61},"end":{"line":41,"column":5}},"line":17},"1":{"name":"(anonymous_1)","decl":{"start":{"line":45,"column":48},"end":{"line":45,"column":49}},"loc":{"start":{"line":45,"column":67},"end":{"line":70,"column":5}},"line":45},"2":{"name":"(anonymous_2)","decl":{"start":{"line":73,"column":45},"end":{"line":73,"column":46}},"loc":{"start":{"line":73,"column":64},"end":{"line":98,"column":5}},"line":73},"3":{"name":"(anonymous_3)","decl":{"start":{"line":101,"column":42},"end":{"line":101,"column":43}},"loc":{"start":{"line":101,"column":61},"end":{"line":126,"column":5}},"line":101},"4":{"name":"(anonymous_4)","decl":{"start":{"line":128,"column":45},"end":{"line":128,"column":46}},"loc":{"start":{"line":128,"column":64},"end":{"line":152,"column":5}},"line":128},"5":{"name":"(anonymous_5)","decl":{"start":{"line":156,"column":52},"end":{"line":156,"column":53}},"loc":{"start":{"line":156,"column":71},"end":{"line":180,"column":5}},"line":156},"6":{"name":"(anonymous_6)","decl":{"start":{"line":184,"column":58},"end":{"line":184,"column":59}},"loc":{"start":{"line":184,"column":77},"end":{"line":208,"column":5}},"line":184},"7":{"name":"(anonymous_7)","decl":{"start":{"line":212,"column":55},"end":{"line":212,"column":56}},"loc":{"start":{"line":212,"column":74},"end":{"line":236,"column":5}},"line":212},"8":{"name":"(anonymous_8)","decl":{"start":{"line":239,"column":48},"end":{"line":239,"column":49}},"loc":{"start":{"line":239,"column":67},"end":{"line":247,"column":5}},"line":239},"9":{"name":"(anonymous_9)","decl":{"start":{"line":249,"column":42},"end":{"line":249,"column":43}},"loc":{"start":{"line":249,"column":61},"end":{"line":257,"column":5}},"line":249},"10":{"name":"(anonymous_10)","decl":{"start":{"line":260,"column":44},"end":{"line":260,"column":45}},"loc":{"start":{"line":260,"column":63},"end":{"line":268,"column":5}},"line":260},"11":{"name":"(anonymous_11)","decl":{"start":{"line":270,"column":42},"end":{"line":270,"column":43}},"loc":{"start":{"line":270,"column":61},"end":{"line":278,"column":5}},"line":270}},"branchMap":{},"s":{"0":24,"1":6,"2":6,"3":4,"4":4,"5":2,"6":5,"7":5,"8":3,"9":3,"10":2,"11":5,"12":5,"13":3,"14":3,"15":2,"16":4,"17":4,"18":2,"19":2,"20":2,"21":3,"22":3,"23":1,"24":1,"25":2,"26":5,"27":5,"28":3,"29":3,"30":2,"31":4,"32":4,"33":2,"34":2,"35":2,"36":5,"37":5,"38":3,"39":3,"40":2,"41":1,"42":1,"43":3,"44":3},"f":{"0":6,"1":5,"2":5,"3":4,"4":3,"5":5,"6":4,"7":5,"8":1,"9":1,"10":3,"11":3},"b":{},"_coverageSchema":"1a1c01bbd47fc00a2c39e90264f33305004495a9","hash":"8c8e8c2c8545a568e206f4945c599831d6b725c3"}
,"/home/lalosh/src/javascript-sdk/src/mocks/manual.api.mock.ts": {"path":"/home/lalosh/src/javascript-sdk/src/mocks/manual.api.mock.ts","statementMap":{"0":{"start":{"line":12,"column":30},"end":{"line":12,"column":79}},"1":{"start":{"line":15,"column":32},"end":{"line":120,"column":1}},"2":{"start":{"line":25,"column":8},"end":{"line":25,"column":46}},"3":{"start":{"line":39,"column":8},"end":{"line":39,"column":46}},"4":{"start":{"line":52,"column":8},"end":{"line":52,"column":46}},"5":{"start":{"line":65,"column":8},"end":{"line":65,"column":20}},"6":{"start":{"line":78,"column":8},"end":{"line":78,"column":20}},"7":{"start":{"line":91,"column":8},"end":{"line":91,"column":20}},"8":{"start":{"line":104,"column":8},"end":{"line":104,"column":20}},"9":{"start":{"line":118,"column":8},"end":{"line":118,"column":20}}},"fnMap":{"0":{"name":"_search","decl":{"start":{"line":19,"column":21},"end":{"line":19,"column":28}},"loc":{"start":{"line":23,"column":23},"end":{"line":26,"column":5}},"line":23},"1":{"name":"_autocomplete","decl":{"start":{"line":32,"column":27},"end":{"line":32,"column":40}},"loc":{"start":{"line":36,"column":29},"end":{"line":40,"column":5}},"line":36},"2":{"name":"_recommend","decl":{"start":{"line":45,"column":24},"end":{"line":45,"column":34}},"loc":{"start":{"line":49,"column":38},"end":{"line":53,"column":5}},"line":49},"3":{"name":"_index","decl":{"start":{"line":58,"column":20},"end":{"line":58,"column":26}},"loc":{"start":{"line":62,"column":25},"end":{"line":66,"column":5}},"line":62},"4":{"name":"_delete","decl":{"start":{"line":71,"column":21},"end":{"line":71,"column":28}},"loc":{"start":{"line":75,"column":23},"end":{"line":79,"column":5}},"line":75},"5":{"name":"_searchFeedback","decl":{"start":{"line":84,"column":29},"end":{"line":84,"column":44}},"loc":{"start":{"line":88,"column":31},"end":{"line":92,"column":5}},"line":88},"6":{"name":"_autocompleteFeedback","decl":{"start":{"line":97,"column":35},"end":{"line":97,"column":56}},"loc":{"start":{"line":101,"column":37},"end":{"line":105,"column":5}},"line":101},"7":{"name":"_recommendFeedback","decl":{"start":{"line":111,"column":32},"end":{"line":111,"column":50}},"loc":{"start":{"line":115,"column":34},"end":{"line":119,"column":5}},"line":115}},"branchMap":{},"s":{"0":24,"1":24,"2":4,"3":3,"4":3,"5":2,"6":1,"7":3,"8":2,"9":3},"f":{"0":4,"1":3,"2":3,"3":2,"4":1,"5":3,"6":2,"7":3},"b":{},"_coverageSchema":"1a1c01bbd47fc00a2c39e90264f33305004495a9","hash":"db16e2a0b37ab845e7f924c1602e2cd232cc663b"}
,"/home/lalosh/src/javascript-sdk/src/mocks/mock.extractor.ts": {"path":"/home/lalosh/src/javascript-sdk/src/mocks/mock.extractor.ts","statementMap":{"0":{"start":{"line":4,"column":21},"end":{"line":4,"column":77}},"1":{"start":{"line":6,"column":24},"end":{"line":11,"column":10}},"2":{"start":{"line":7,"column":8},"end":{"line":10,"column":9}},"3":{"start":{"line":14,"column":4},"end":{"line":21,"column":25}},"4":{"start":{"line":21,"column":8},"end":{"line":21,"column":25}},"5":{"start":{"line":23,"column":4},"end":{"line":23,"column":23}}},"fnMap":{"0":{"name":"extractDataAndAuthenticate","decl":{"start":{"line":2,"column":16},"end":{"line":2,"column":42}},"loc":{"start":{"line":2,"column":76},"end":{"line":25,"column":1}},"line":2},"1":{"name":"(anonymous_1)","decl":{"start":{"line":6,"column":74},"end":{"line":6,"column":75}},"loc":{"start":{"line":6,"column":100},"end":{"line":11,"column":5}},"line":6}},"branchMap":{"0":{"loc":{"start":{"line":14,"column":4},"end":{"line":21,"column":25}},"type":"if","locations":[{"start":{"line":14,"column":4},"end":{"line":21,"column":25}},{"start":{"line":14,"column":4},"end":{"line":21,"column":25}}],"line":14},"1":{"loc":{"start":{"line":15,"column":8},"end":{"line":19,"column":37}},"type":"binary-expr","locations":[{"start":{"line":15,"column":9},"end":{"line":15,"column":22}},{"start":{"line":15,"column":26},"end":{"line":15,"column":62}},{"start":{"line":15,"column":66},"end":{"line":15,"column":108}},{"start":{"line":17,"column":9},"end":{"line":17,"column":23}},{"start":{"line":17,"column":27},"end":{"line":17,"column":35}},{"start":{"line":17,"column":39},"end":{"line":17,"column":78}},{"start":{"line":19,"column":9},"end":{"line":19,"column":23}},{"start":{"line":19,"column":27},"end":{"line":19,"column":36}}],"line":15}},"s":{"0":37,"1":37,"2":74,"3":37,"4":16,"5":21},"f":{"0":37,"1":74},"b":{"0":[16,21],"1":[37,29,11,29,8,8,21,0]},"_coverageSchema":"1a1c01bbd47fc00a2c39e90264f33305004495a9","hash":"6653ec7b90996b36dd9ad28b2a1b81ade420a97d"}
,"/home/lalosh/src/javascript-sdk/src/mocks/server.ts": {"path":"/home/lalosh/src/javascript-sdk/src/mocks/server.ts","statementMap":{"0":{"start":{"line":4,"column":22},"end":{"line":4,"column":46}}},"fnMap":{},"branchMap":{},"s":{"0":24},"f":{},"b":{},"_coverageSchema":"1a1c01bbd47fc00a2c39e90264f33305004495a9","hash":"01e4eec2652b8536b70586f090b5e0228ea08fe9"}
,"/home/lalosh/src/javascript-sdk/src/request/autocomplete/autocomplete.request.ts": {"path":"/home/lalosh/src/javascript-sdk/src/request/autocomplete/autocomplete.request.ts","statementMap":{"0":{"start":{"line":9,"column":28},"end":{"line":16,"column":6}},"1":{"start":{"line":26,"column":8},"end":{"line":26,"column":23}},"2":{"start":{"line":29,"column":4},"end":{"line":41,"column":5}}},"fnMap":{"0":{"name":"buildAutocompleteRequest","decl":{"start":{"line":7,"column":22},"end":{"line":7,"column":46}},"loc":{"start":{"line":7,"column":156},"end":{"line":42,"column":1}},"line":7}},"branchMap":{"0":{"loc":{"start":{"line":11,"column":19},"end":{"line":11,"column":95}},"type":"binary-expr","locations":[{"start":{"line":11,"column":19},"end":{"line":11,"column":35}},{"start":{"line":11,"column":39},"end":{"line":11,"column":54}},{"start":{"line":11,"column":58},"end":{"line":11,"column":95}}],"line":11},"1":{"loc":{"start":{"line":12,"column":22},"end":{"line":12,"column":63}},"type":"binary-expr","locations":[{"start":{"line":12,"column":22},"end":{"line":12,"column":41}},{"start":{"line":12,"column":45},"end":{"line":12,"column":63}}],"line":12},"2":{"loc":{"start":{"line":13,"column":29},"end":{"line":13,"column":135}},"type":"binary-expr","locations":[{"start":{"line":13,"column":29},"end":{"line":13,"column":55}},{"start":{"line":13,"column":59},"end":{"line":13,"column":84}},{"start":{"line":13,"column":88},"end":{"line":13,"column":135}}],"line":13},"3":{"loc":{"start":{"line":14,"column":16},"end":{"line":14,"column":45}},"type":"binary-expr","locations":[{"start":{"line":14,"column":16},"end":{"line":14,"column":29}},{"start":{"line":14,"column":33},"end":{"line":14,"column":45}}],"line":14},"4":{"loc":{"start":{"line":15,"column":18},"end":{"line":15,"column":51}},"type":"binary-expr","locations":[{"start":{"line":15,"column":18},"end":{"line":15,"column":33}},{"start":{"line":15,"column":37},"end":{"line":15,"column":51}}],"line":15}},"s":{"0":25,"1":18,"2":18},"f":{"0":25},"b":{"0":[25,10,10],"1":[25,7],"2":[25,13,10],"3":[25,13],"4":[25,17]},"_coverageSchema":"1a1c01bbd47fc00a2c39e90264f33305004495a9","hash":"6e40a1e32fe1e9c691c7c461cf0c2275645bdcd6"}
,"/home/lalosh/src/javascript-sdk/src/request/autocomplete/autocomplete.schema.ts": {"path":"/home/lalosh/src/javascript-sdk/src/request/autocomplete/autocomplete.schema.ts","statementMap":{"0":{"start":{"line":10,"column":4},"end":{"line":42,"column":5}},"1":{"start":{"line":20,"column":28},"end":{"line":21,"column":45}},"2":{"start":{"line":21,"column":32},"end":{"line":21,"column":45}},"3":{"start":{"line":23,"column":28},"end":{"line":23,"column":40}}},"fnMap":{"0":{"name":"testIfCanAuthenticate","decl":{"start":{"line":18,"column":33},"end":{"line":18,"column":54}},"loc":{"start":{"line":18,"column":71},"end":{"line":24,"column":25}},"line":18}},"branchMap":{"0":{"loc":{"start":{"line":20,"column":28},"end":{"line":21,"column":45}},"type":"if","locations":[{"start":{"line":20,"column":28},"end":{"line":21,"column":45}},{"start":{"line":20,"column":28},"end":{"line":21,"column":45}}],"line":20},"1":{"loc":{"start":{"line":20,"column":32},"end":{"line":20,"column":66}},"type":"binary-expr","locations":[{"start":{"line":20,"column":32},"end":{"line":20,"column":38}},{"start":{"line":20,"column":42},"end":{"line":20,"column":66}}],"line":20}},"s":{"0":16,"1":25,"2":1,"3":24},"f":{"0":25},"b":{"0":[1,24],"1":[25,2]},"_coverageSchema":"1a1c01bbd47fc00a2c39e90264f33305004495a9","hash":"2b8786e973224d37cc449ed2e3331c1f0928a95c"}
,"/home/lalosh/src/javascript-sdk/src/request/autocomplete-feedback/autocomplete-feedback.request.ts": {"path":"/home/lalosh/src/javascript-sdk/src/request/autocomplete-feedback/autocomplete-feedback.request.ts","statementMap":{"0":{"start":{"line":10,"column":42},"end":{"line":10,"column":48}},"1":{"start":{"line":12,"column":25},"end":{"line":14,"column":5}},"2":{"start":{"line":16,"column":4},"end":{"line":18,"column":5}},"3":{"start":{"line":17,"column":8},"end":{"line":17,"column":56}},"4":{"start":{"line":20,"column":4},"end":{"line":20,"column":69}},"5":{"start":{"line":27,"column":28},"end":{"line":35,"column":6}},"6":{"start":{"line":45,"column":8},"end":{"line":45,"column":23}},"7":{"start":{"line":48,"column":4},"end":{"line":59,"column":5}}},"fnMap":{"0":{"name":"buildSingleAutocompleteFeedbackRequest","decl":{"start":{"line":8,"column":22},"end":{"line":8,"column":60}},"loc":{"start":{"line":8,"column":197},"end":{"line":21,"column":1}},"line":8},"1":{"name":"buildBatchAutocompleteFeedbackRequest","decl":{"start":{"line":24,"column":22},"end":{"line":24,"column":59}},"loc":{"start":{"line":24,"column":195},"end":{"line":60,"column":1}},"line":24}},"branchMap":{"0":{"loc":{"start":{"line":16,"column":4},"end":{"line":18,"column":5}},"type":"if","locations":[{"start":{"line":16,"column":4},"end":{"line":18,"column":5}},{"start":{"line":16,"column":4},"end":{"line":18,"column":5}}],"line":16},"1":{"loc":{"start":{"line":29,"column":19},"end":{"line":29,"column":95}},"type":"binary-expr","locations":[{"start":{"line":29,"column":19},"end":{"line":29,"column":35}},{"start":{"line":29,"column":39},"end":{"line":29,"column":54}},{"start":{"line":29,"column":58},"end":{"line":29,"column":95}}],"line":29},"2":{"loc":{"start":{"line":30,"column":22},"end":{"line":30,"column":63}},"type":"binary-expr","locations":[{"start":{"line":30,"column":22},"end":{"line":30,"column":41}},{"start":{"line":30,"column":45},"end":{"line":30,"column":63}}],"line":30},"3":{"loc":{"start":{"line":31,"column":29},"end":{"line":31,"column":135}},"type":"binary-expr","locations":[{"start":{"line":31,"column":29},"end":{"line":31,"column":55}},{"start":{"line":31,"column":59},"end":{"line":31,"column":84}},{"start":{"line":31,"column":88},"end":{"line":31,"column":135}}],"line":31},"4":{"loc":{"start":{"line":32,"column":16},"end":{"line":32,"column":45}},"type":"binary-expr","locations":[{"start":{"line":32,"column":16},"end":{"line":32,"column":29}},{"start":{"line":32,"column":33},"end":{"line":32,"column":45}}],"line":32},"5":{"loc":{"start":{"line":33,"column":18},"end":{"line":33,"column":51}},"type":"binary-expr","locations":[{"start":{"line":33,"column":18},"end":{"line":33,"column":33}},{"start":{"line":33,"column":37},"end":{"line":33,"column":51}}],"line":33}},"s":{"0":23,"1":23,"2":23,"3":22,"4":23,"5":27,"6":16,"7":16},"f":{"0":23,"1":27},"b":{"0":[22,1],"1":[27,17,11],"2":[27,13],"3":[27,18,11],"4":[27,8],"5":[27,18]},"_coverageSchema":"1a1c01bbd47fc00a2c39e90264f33305004495a9","hash":"9bc101bbe6c3c8164dfeac342ef66e66febbab20"}
,"/home/lalosh/src/javascript-sdk/src/request/autocomplete-feedback/autocomplete-feedback.schema.ts": {"path":"/home/lalosh/src/javascript-sdk/src/request/autocomplete-feedback/autocomplete-feedback.schema.ts","statementMap":{"0":{"start":{"line":10,"column":4},"end":{"line":42,"column":5}},"1":{"start":{"line":22,"column":28},"end":{"line":23,"column":45}},"2":{"start":{"line":23,"column":32},"end":{"line":23,"column":45}},"3":{"start":{"line":25,"column":28},"end":{"line":25,"column":40}}},"fnMap":{"0":{"name":"testIfCanAuthenticate","decl":{"start":{"line":20,"column":33},"end":{"line":20,"column":54}},"loc":{"start":{"line":20,"column":71},"end":{"line":26,"column":25}},"line":20}},"branchMap":{"0":{"loc":{"start":{"line":22,"column":28},"end":{"line":23,"column":45}},"type":"if","locations":[{"start":{"line":22,"column":28},"end":{"line":23,"column":45}},{"start":{"line":22,"column":28},"end":{"line":23,"column":45}}],"line":22},"1":{"loc":{"start":{"line":22,"column":32},"end":{"line":22,"column":66}},"type":"binary-expr","locations":[{"start":{"line":22,"column":32},"end":{"line":22,"column":38}},{"start":{"line":22,"column":42},"end":{"line":22,"column":66}}],"line":22}},"s":{"0":16,"1":27,"2":2,"3":25},"f":{"0":27},"b":{"0":[2,25],"1":[27,3]},"_coverageSchema":"1a1c01bbd47fc00a2c39e90264f33305004495a9","hash":"f472a5b955ca571de71c718eeae33cda1b216122"}
,"/home/lalosh/src/javascript-sdk/src/request/delete/delete.request.ts": {"path":"/home/lalosh/src/javascript-sdk/src/request/delete/delete.request.ts","statementMap":{"0":{"start":{"line":10,"column":28},"end":{"line":16,"column":6}},"1":{"start":{"line":25,"column":8},"end":{"line":25,"column":23}},"2":{"start":{"line":29,"column":4},"end":{"line":39,"column":5}}},"fnMap":{"0":{"name":"buildDeleteRequest","decl":{"start":{"line":7,"column":22},"end":{"line":7,"column":40}},"loc":{"start":{"line":7,"column":138},"end":{"line":40,"column":1}},"line":7}},"branchMap":{"0":{"loc":{"start":{"line":11,"column":19},"end":{"line":11,"column":95}},"type":"binary-expr","locations":[{"start":{"line":11,"column":19},"end":{"line":11,"column":35}},{"start":{"line":11,"column":39},"end":{"line":11,"column":54}},{"start":{"line":11,"column":58},"end":{"line":11,"column":95}}],"line":11},"1":{"loc":{"start":{"line":12,"column":22},"end":{"line":12,"column":63}},"type":"binary-expr","locations":[{"start":{"line":12,"column":22},"end":{"line":12,"column":41}},{"start":{"line":12,"column":45},"end":{"line":12,"column":63}}],"line":12},"2":{"loc":{"start":{"line":13,"column":24},"end":{"line":13,"column":69}},"type":"binary-expr","locations":[{"start":{"line":13,"column":24},"end":{"line":13,"column":45}},{"start":{"line":13,"column":49},"end":{"line":13,"column":69}}],"line":13},"3":{"loc":{"start":{"line":14,"column":18},"end":{"line":14,"column":51}},"type":"binary-expr","locations":[{"start":{"line":14,"column":18},"end":{"line":14,"column":33}},{"start":{"line":14,"column":37},"end":{"line":14,"column":51}}],"line":14}},"s":{"0":18,"1":14,"2":14},"f":{"0":18},"b":{"0":[18,5,4],"1":[18,6],"2":[18,8],"3":[18,15]},"_coverageSchema":"1a1c01bbd47fc00a2c39e90264f33305004495a9","hash":"67dc186f07e82c05349bc8425bcbfe17d06cb86d"}
,"/home/lalosh/src/javascript-sdk/src/request/delete/delete.schema.ts": {"path":"/home/lalosh/src/javascript-sdk/src/request/delete/delete.schema.ts","statementMap":{"0":{"start":{"line":8,"column":4},"end":{"line":33,"column":9}},"1":{"start":{"line":17,"column":24},"end":{"line":18,"column":41}},"2":{"start":{"line":18,"column":28},"end":{"line":18,"column":41}},"3":{"start":{"line":20,"column":24},"end":{"line":20,"column":36}}},"fnMap":{"0":{"name":"testIfCanAuthenticate","decl":{"start":{"line":15,"column":29},"end":{"line":15,"column":50}},"loc":{"start":{"line":15,"column":67},"end":{"line":21,"column":21}},"line":15}},"branchMap":{"0":{"loc":{"start":{"line":17,"column":24},"end":{"line":18,"column":41}},"type":"if","locations":[{"start":{"line":17,"column":24},"end":{"line":18,"column":41}},{"start":{"line":17,"column":24},"end":{"line":18,"column":41}}],"line":17},"1":{"loc":{"start":{"line":17,"column":28},"end":{"line":17,"column":62}},"type":"binary-expr","locations":[{"start":{"line":17,"column":28},"end":{"line":17,"column":34}},{"start":{"line":17,"column":38},"end":{"line":17,"column":62}}],"line":17}},"s":{"0":16,"1":18,"2":1,"3":17},"f":{"0":18},"b":{"0":[1,17],"1":[18,3]},"_coverageSchema":"1a1c01bbd47fc00a2c39e90264f33305004495a9","hash":"4db40ed3e688efc736cc068eaa01cf6725c774eb"}
,"/home/lalosh/src/javascript-sdk/src/request/feedback/feedback.document.schema.ts": {"path":"/home/lalosh/src/javascript-sdk/src/request/feedback/feedback.document.schema.ts","statementMap":{"0":{"start":{"line":9,"column":4},"end":{"line":19,"column":5}},"1":{"start":{"line":24,"column":4},"end":{"line":51,"column":5}},"2":{"start":{"line":40,"column":24},"end":{"line":41,"column":41}},"3":{"start":{"line":41,"column":28},"end":{"line":41,"column":41}},"4":{"start":{"line":43,"column":24},"end":{"line":43,"column":36}}},"fnMap":{"0":{"name":"notEqualToSourceId","decl":{"start":{"line":38,"column":29},"end":{"line":38,"column":47}},"loc":{"start":{"line":38,"column":64},"end":{"line":44,"column":21}},"line":38}},"branchMap":{"0":{"loc":{"start":{"line":40,"column":24},"end":{"line":41,"column":41}},"type":"if","locations":[{"start":{"line":40,"column":24},"end":{"line":41,"column":41}},{"start":{"line":40,"column":24},"end":{"line":41,"column":41}}],"line":40}},"s":{"0":16,"1":16,"2":31,"3":1,"4":30},"f":{"0":31},"b":{"0":[1,30]},"_coverageSchema":"1a1c01bbd47fc00a2c39e90264f33305004495a9","hash":"4e36efb08775aa0ef12a950270505d7e6acad04c"}
,"/home/lalosh/src/javascript-sdk/src/request/indexing/indexing.request.ts": {"path":"/home/lalosh/src/javascript-sdk/src/request/indexing/indexing.request.ts","statementMap":{"0":{"start":{"line":11,"column":28},"end":{"line":17,"column":6}},"1":{"start":{"line":26,"column":8},"end":{"line":26,"column":23}},"2":{"start":{"line":30,"column":4},"end":{"line":41,"column":5}}},"fnMap":{"0":{"name":"buildIndexingRequest","decl":{"start":{"line":8,"column":22},"end":{"line":8,"column":42}},"loc":{"start":{"line":8,"column":144},"end":{"line":42,"column":1}},"line":8}},"branchMap":{"0":{"loc":{"start":{"line":12,"column":19},"end":{"line":12,"column":95}},"type":"binary-expr","locations":[{"start":{"line":12,"column":19},"end":{"line":12,"column":35}},{"start":{"line":12,"column":39},"end":{"line":12,"column":54}},{"start":{"line":12,"column":58},"end":{"line":12,"column":95}}],"line":12},"1":{"loc":{"start":{"line":13,"column":22},"end":{"line":13,"column":63}},"type":"binary-expr","locations":[{"start":{"line":13,"column":22},"end":{"line":13,"column":41}},{"start":{"line":13,"column":45},"end":{"line":13,"column":63}}],"line":13},"2":{"loc":{"start":{"line":14,"column":24},"end":{"line":14,"column":69}},"type":"binary-expr","locations":[{"start":{"line":14,"column":24},"end":{"line":14,"column":45}},{"start":{"line":14,"column":49},"end":{"line":14,"column":69}}],"line":14},"3":{"loc":{"start":{"line":15,"column":18},"end":{"line":15,"column":51}},"type":"binary-expr","locations":[{"start":{"line":15,"column":18},"end":{"line":15,"column":33}},{"start":{"line":15,"column":37},"end":{"line":15,"column":51}}],"line":15}},"s":{"0":23,"1":15,"2":15},"f":{"0":23},"b":{"0":[23,8,7],"1":[23,9],"2":[23,12],"3":[23,19]},"_coverageSchema":"1a1c01bbd47fc00a2c39e90264f33305004495a9","hash":"1ac84ba90b055790adc4cf63885d537bf4ec6f6d"}
,"/home/lalosh/src/javascript-sdk/src/request/indexing/indexing.schema.ts": {"path":"/home/lalosh/src/javascript-sdk/src/request/indexing/indexing.schema.ts","statementMap":{"0":{"start":{"line":18,"column":4},"end":{"line":51,"column":9}},"1":{"start":{"line":27,"column":24},"end":{"line":28,"column":41}},"2":{"start":{"line":28,"column":28},"end":{"line":28,"column":41}},"3":{"start":{"line":30,"column":24},"end":{"line":30,"column":36}}},"fnMap":{"0":{"name":"testIfCanAuthenticate","decl":{"start":{"line":25,"column":29},"end":{"line":25,"column":50}},"loc":{"start":{"line":25,"column":67},"end":{"line":31,"column":21}},"line":25}},"branchMap":{"0":{"loc":{"start":{"line":27,"column":24},"end":{"line":28,"column":41}},"type":"if","locations":[{"start":{"line":27,"column":24},"end":{"line":28,"column":41}},{"start":{"line":27,"column":24},"end":{"line":28,"column":41}}],"line":27},"1":{"loc":{"start":{"line":27,"column":28},"end":{"line":27,"column":62}},"type":"binary-expr","locations":[{"start":{"line":27,"column":28},"end":{"line":27,"column":34}},{"start":{"line":27,"column":38},"end":{"line":27,"column":62}}],"line":27}},"s":{"0":16,"1":23,"2":2,"3":21},"f":{"0":23},"b":{"0":[2,21],"1":[23,5]},"_coverageSchema":"1a1c01bbd47fc00a2c39e90264f33305004495a9","hash":"0a2d1ebb5397f968dcb2b3d2ef92f064b2d55aff"}
,"/home/lalosh/src/javascript-sdk/src/request/main/main.request.schema.ts": {"path":"/home/lalosh/src/javascript-sdk/src/request/main/main.request.schema.ts","statementMap":{"0":{"start":{"line":8,"column":69},"end":{"line":21,"column":6}},"1":{"start":{"line":26,"column":82},"end":{"line":32,"column":6}},"2":{"start":{"line":37,"column":4},"end":{"line":49,"column":5}}},"fnMap":{},"branchMap":{},"s":{"0":16,"1":16,"2":16},"f":{},"b":{},"_coverageSchema":"1a1c01bbd47fc00a2c39e90264f33305004495a9","hash":"919ca38a84cfc43cf731b63d7ed87057b30fbe5c"}
,"/home/lalosh/src/javascript-sdk/src/request/main/main.request.ts": {"path":"/home/lalosh/src/javascript-sdk/src/request/main/main.request.ts","statementMap":{"0":{"start":{"line":15,"column":4},"end":{"line":15,"column":45}},"1":{"start":{"line":17,"column":4},"end":{"line":37,"column":5}}},"fnMap":{"0":{"name":"LablebRequestBuilder","decl":{"start":{"line":13,"column":22},"end":{"line":13,"column":42}},"loc":{"start":{"line":13,"column":79},"end":{"line":38,"column":1}},"line":13}},"branchMap":{"0":{"loc":{"start":{"line":13,"column":43},"end":{"line":13,"column":77}},"type":"default-arg","locations":[{"start":{"line":13,"column":75},"end":{"line":13,"column":77}}],"line":13}},"s":{"0":166,"1":166},"f":{"0":166},"b":{"0":[98]},"_coverageSchema":"1a1c01bbd47fc00a2c39e90264f33305004495a9","hash":"d8ec83a9370dbbd8cb1723b6781ed9b031636e85"}
,"/home/lalosh/src/javascript-sdk/src/request/recommend/recommend.request.ts": {"path":"/home/lalosh/src/javascript-sdk/src/request/recommend/recommend.request.ts","statementMap":{"0":{"start":{"line":10,"column":28},"end":{"line":17,"column":6}},"1":{"start":{"line":27,"column":8},"end":{"line":27,"column":23}},"2":{"start":{"line":30,"column":4},"end":{"line":41,"column":5}}},"fnMap":{"0":{"name":"buildRecommendRequest","decl":{"start":{"line":7,"column":22},"end":{"line":7,"column":43}},"loc":{"start":{"line":7,"column":147},"end":{"line":42,"column":1}},"line":7}},"branchMap":{"0":{"loc":{"start":{"line":12,"column":19},"end":{"line":12,"column":95}},"type":"binary-expr","locations":[{"start":{"line":12,"column":19},"end":{"line":12,"column":35}},{"start":{"line":12,"column":39},"end":{"line":12,"column":54}},{"start":{"line":12,"column":58},"end":{"line":12,"column":95}}],"line":12},"1":{"loc":{"start":{"line":13,"column":22},"end":{"line":13,"column":63}},"type":"binary-expr","locations":[{"start":{"line":13,"column":22},"end":{"line":13,"column":41}},{"start":{"line":13,"column":45},"end":{"line":13,"column":63}}],"line":13},"2":{"loc":{"start":{"line":14,"column":26},"end":{"line":14,"column":123}},"type":"binary-expr","locations":[{"start":{"line":14,"column":26},"end":{"line":14,"column":49}},{"start":{"line":14,"column":53},"end":{"line":14,"column":75}},{"start":{"line":14,"column":79},"end":{"line":14,"column":123}}],"line":14},"3":{"loc":{"start":{"line":15,"column":16},"end":{"line":15,"column":45}},"type":"binary-expr","locations":[{"start":{"line":15,"column":16},"end":{"line":15,"column":29}},{"start":{"line":15,"column":33},"end":{"line":15,"column":45}}],"line":15},"4":{"loc":{"start":{"line":16,"column":18},"end":{"line":16,"column":51}},"type":"binary-expr","locations":[{"start":{"line":16,"column":18},"end":{"line":16,"column":33}},{"start":{"line":16,"column":37},"end":{"line":16,"column":51}}],"line":16}},"s":{"0":28,"1":19,"2":19},"f":{"0":28},"b":{"0":[28,18,18],"1":[28,8],"2":[28,21,18],"3":[28,14],"4":[28,25]},"_coverageSchema":"1a1c01bbd47fc00a2c39e90264f33305004495a9","hash":"a597c9be3823c9cb5aaa571015dd91ea227e6b3a"}
,"/home/lalosh/src/javascript-sdk/src/request/recommend/recommend.schema.ts": {"path":"/home/lalosh/src/javascript-sdk/src/request/recommend/recommend.schema.ts","statementMap":{"0":{"start":{"line":9,"column":4},"end":{"line":44,"column":5}},"1":{"start":{"line":19,"column":28},"end":{"line":20,"column":45}},"2":{"start":{"line":20,"column":32},"end":{"line":20,"column":45}},"3":{"start":{"line":22,"column":28},"end":{"line":22,"column":40}}},"fnMap":{"0":{"name":"testIfCanAuthenticate","decl":{"start":{"line":17,"column":33},"end":{"line":17,"column":54}},"loc":{"start":{"line":17,"column":71},"end":{"line":23,"column":25}},"line":17}},"branchMap":{"0":{"loc":{"start":{"line":19,"column":28},"end":{"line":20,"column":45}},"type":"if","locations":[{"start":{"line":19,"column":28},"end":{"line":20,"column":45}},{"start":{"line":19,"column":28},"end":{"line":20,"column":45}}],"line":19},"1":{"loc":{"start":{"line":19,"column":32},"end":{"line":19,"column":66}},"type":"binary-expr","locations":[{"start":{"line":19,"column":32},"end":{"line":19,"column":38}},{"start":{"line":19,"column":42},"end":{"line":19,"column":66}}],"line":19}},"s":{"0":16,"1":28,"2":1,"3":27},"f":{"0":28},"b":{"0":[1,27],"1":[28,2]},"_coverageSchema":"1a1c01bbd47fc00a2c39e90264f33305004495a9","hash":"6d9f6e982542625282428eff441cd86554a45b8e"}
,"/home/lalosh/src/javascript-sdk/src/request/recommend-feedback/recommend-feedback.request.ts": {"path":"/home/lalosh/src/javascript-sdk/src/request/recommend-feedback/recommend-feedback.request.ts","statementMap":{"0":{"start":{"line":10,"column":42},"end":{"line":10,"column":48}},"1":{"start":{"line":12,"column":25},"end":{"line":14,"column":5}},"2":{"start":{"line":16,"column":4},"end":{"line":18,"column":5}},"3":{"start":{"line":17,"column":8},"end":{"line":17,"column":56}},"4":{"start":{"line":20,"column":4},"end":{"line":20,"column":66}},"5":{"start":{"line":27,"column":28},"end":{"line":35,"column":6}},"6":{"start":{"line":45,"column":8},"end":{"line":45,"column":23}},"7":{"start":{"line":48,"column":4},"end":{"line":59,"column":5}}},"fnMap":{"0":{"name":"buildSingleRecommendFeedbackRequest","decl":{"start":{"line":8,"column":22},"end":{"line":8,"column":57}},"loc":{"start":{"line":8,"column":188},"end":{"line":21,"column":1}},"line":8},"1":{"name":"buildBatchRecommendFeedbackRequest","decl":{"start":{"line":24,"column":22},"end":{"line":24,"column":56}},"loc":{"start":{"line":24,"column":186},"end":{"line":60,"column":1}},"line":24}},"branchMap":{"0":{"loc":{"start":{"line":16,"column":4},"end":{"line":18,"column":5}},"type":"if","locations":[{"start":{"line":16,"column":4},"end":{"line":18,"column":5}},{"start":{"line":16,"column":4},"end":{"line":18,"column":5}}],"line":16},"1":{"loc":{"start":{"line":29,"column":19},"end":{"line":29,"column":95}},"type":"binary-expr","locations":[{"start":{"line":29,"column":19},"end":{"line":29,"column":35}},{"start":{"line":29,"column":39},"end":{"line":29,"column":54}},{"start":{"line":29,"column":58},"end":{"line":29,"column":95}}],"line":29},"2":{"loc":{"start":{"line":30,"column":22},"end":{"line":30,"column":63}},"type":"binary-expr","locations":[{"start":{"line":30,"column":22},"end":{"line":30,"column":41}},{"start":{"line":30,"column":45},"end":{"line":30,"column":63}}],"line":30},"3":{"loc":{"start":{"line":31,"column":26},"end":{"line":31,"column":123}},"type":"binary-expr","locations":[{"start":{"line":31,"column":26},"end":{"line":31,"column":49}},{"start":{"line":31,"column":53},"end":{"line":31,"column":75}},{"start":{"line":31,"column":79},"end":{"line":31,"column":123}}],"line":31},"4":{"loc":{"start":{"line":32,"column":16},"end":{"line":32,"column":45}},"type":"binary-expr","locations":[{"start":{"line":32,"column":16},"end":{"line":32,"column":29}},{"start":{"line":32,"column":33},"end":{"line":32,"column":45}}],"line":32},"5":{"loc":{"start":{"line":33,"column":18},"end":{"line":33,"column":51}},"type":"binary-expr","locations":[{"start":{"line":33,"column":18},"end":{"line":33,"column":33}},{"start":{"line":33,"column":37},"end":{"line":33,"column":51}}],"line":33}},"s":{"0":29,"1":29,"2":29,"3":28,"4":29,"5":33,"6":18,"7":18},"f":{"0":29,"1":33},"b":{"0":[28,1],"1":[33,18,12],"2":[33,14],"3":[33,19,12],"4":[33,9],"5":[33,19]},"_coverageSchema":"1a1c01bbd47fc00a2c39e90264f33305004495a9","hash":"ed7f0d99c14b41f44765eea92cbfa37466e77ccf"}
,"/home/lalosh/src/javascript-sdk/src/request/recommend-feedback/recommend-feedback.schema.ts": {"path":"/home/lalosh/src/javascript-sdk/src/request/recommend-feedback/recommend-feedback.schema.ts","statementMap":{"0":{"start":{"line":10,"column":4},"end":{"line":42,"column":5}},"1":{"start":{"line":22,"column":28},"end":{"line":23,"column":45}},"2":{"start":{"line":23,"column":32},"end":{"line":23,"column":45}},"3":{"start":{"line":25,"column":28},"end":{"line":25,"column":40}}},"fnMap":{"0":{"name":"testIfCanAuthenticate","decl":{"start":{"line":20,"column":33},"end":{"line":20,"column":54}},"loc":{"start":{"line":20,"column":71},"end":{"line":26,"column":25}},"line":20}},"branchMap":{"0":{"loc":{"start":{"line":22,"column":28},"end":{"line":23,"column":45}},"type":"if","locations":[{"start":{"line":22,"column":28},"end":{"line":23,"column":45}},{"start":{"line":22,"column":28},"end":{"line":23,"column":45}}],"line":22},"1":{"loc":{"start":{"line":22,"column":32},"end":{"line":22,"column":66}},"type":"binary-expr","locations":[{"start":{"line":22,"column":32},"end":{"line":22,"column":38}},{"start":{"line":22,"column":42},"end":{"line":22,"column":66}}],"line":22}},"s":{"0":16,"1":33,"2":2,"3":31},"f":{"0":33},"b":{"0":[2,31],"1":[33,3]},"_coverageSchema":"1a1c01bbd47fc00a2c39e90264f33305004495a9","hash":"22f872ecb52ecd14168ba46086fd4de08f8aafd1"}
,"/home/lalosh/src/javascript-sdk/src/request/search/search.request.ts": {"path":"/home/lalosh/src/javascript-sdk/src/request/search/search.request.ts","statementMap":{"0":{"start":{"line":10,"column":28},"end":{"line":17,"column":6}},"1":{"start":{"line":29,"column":8},"end":{"line":29,"column":23}},"2":{"start":{"line":32,"column":23},"end":{"line":32,"column":25}},"3":{"start":{"line":33,"column":4},"end":{"line":36,"column":5}},"4":{"start":{"line":34,"column":35},"end":{"line":34,"column":79}},"5":{"start":{"line":35,"column":8},"end":{"line":35,"column":74}},"6":{"start":{"line":38,"column":4},"end":{"line":50,"column":5}}},"fnMap":{"0":{"name":"buildSearchRequest","decl":{"start":{"line":7,"column":22},"end":{"line":7,"column":40}},"loc":{"start":{"line":7,"column":138},"end":{"line":51,"column":1}},"line":7}},"branchMap":{"0":{"loc":{"start":{"line":12,"column":19},"end":{"line":12,"column":95}},"type":"binary-expr","locations":[{"start":{"line":12,"column":19},"end":{"line":12,"column":35}},{"start":{"line":12,"column":39},"end":{"line":12,"column":54}},{"start":{"line":12,"column":58},"end":{"line":12,"column":95}}],"line":12},"1":{"loc":{"start":{"line":13,"column":22},"end":{"line":13,"column":63}},"type":"binary-expr","locations":[{"start":{"line":13,"column":22},"end":{"line":13,"column":41}},{"start":{"line":13,"column":45},"end":{"line":13,"column":63}}],"line":13},"2":{"loc":{"start":{"line":14,"column":23},"end":{"line":14,"column":111}},"type":"binary-expr","locations":[{"start":{"line":14,"column":23},"end":{"line":14,"column":43}},{"start":{"line":14,"column":47},"end":{"line":14,"column":66}},{"start":{"line":14,"column":70},"end":{"line":14,"column":111}}],"line":14},"3":{"loc":{"start":{"line":15,"column":16},"end":{"line":15,"column":45}},"type":"binary-expr","locations":[{"start":{"line":15,"column":16},"end":{"line":15,"column":29}},{"start":{"line":15,"column":33},"end":{"line":15,"column":45}}],"line":15},"4":{"loc":{"start":{"line":16,"column":18},"end":{"line":16,"column":51}},"type":"binary-expr","locations":[{"start":{"line":16,"column":18},"end":{"line":16,"column":33}},{"start":{"line":16,"column":37},"end":{"line":16,"column":51}}],"line":16},"5":{"loc":{"start":{"line":33,"column":4},"end":{"line":36,"column":5}},"type":"if","locations":[{"start":{"line":33,"column":4},"end":{"line":36,"column":5}},{"start":{"line":33,"column":4},"end":{"line":36,"column":5}}],"line":33},"6":{"loc":{"start":{"line":35,"column":23},"end":{"line":35,"column":73}},"type":"cond-expr","locations":[{"start":{"line":35,"column":44},"end":{"line":35,"column":68}},{"start":{"line":35,"column":71},"end":{"line":35,"column":73}}],"line":35}},"s":{"0":31,"1":20,"2":20,"3":20,"4":2,"5":2,"6":20},"f":{"0":31},"b":{"0":[31,14,14],"1":[31,9],"2":[31,17,14],"3":[31,20],"4":[31,21],"5":[2,18],"6":[2,0]},"_coverageSchema":"1a1c01bbd47fc00a2c39e90264f33305004495a9","hash":"2ff1c9d871fc4b023d2acb26b8e2f6b9475b4ff1"}
,"/home/lalosh/src/javascript-sdk/src/request/search/search.schema.ts": {"path":"/home/lalosh/src/javascript-sdk/src/request/search/search.schema.ts","statementMap":{"0":{"start":{"line":9,"column":4},"end":{"line":45,"column":5}},"1":{"start":{"line":19,"column":28},"end":{"line":20,"column":45}},"2":{"start":{"line":20,"column":32},"end":{"line":20,"column":45}},"3":{"start":{"line":22,"column":28},"end":{"line":22,"column":40}}},"fnMap":{"0":{"name":"testIfCanAuthenticate","decl":{"start":{"line":17,"column":33},"end":{"line":17,"column":54}},"loc":{"start":{"line":17,"column":71},"end":{"line":23,"column":25}},"line":17}},"branchMap":{"0":{"loc":{"start":{"line":19,"column":28},"end":{"line":20,"column":45}},"type":"if","locations":[{"start":{"line":19,"column":28},"end":{"line":20,"column":45}},{"start":{"line":19,"column":28},"end":{"line":20,"column":45}}],"line":19},"1":{"loc":{"start":{"line":19,"column":32},"end":{"line":19,"column":66}},"type":"binary-expr","locations":[{"start":{"line":19,"column":32},"end":{"line":19,"column":38}},{"start":{"line":19,"column":42},"end":{"line":19,"column":66}}],"line":19}},"s":{"0":16,"1":31,"2":1,"3":30},"f":{"0":31},"b":{"0":[1,30],"1":[31,7]},"_coverageSchema":"1a1c01bbd47fc00a2c39e90264f33305004495a9","hash":"ca490d09effe14a8f8509b5d99a2ae976bf9d926"}
,"/home/lalosh/src/javascript-sdk/src/request/search-feedback/search-feedback.request.ts": {"path":"/home/lalosh/src/javascript-sdk/src/request/search-feedback/search-feedback.request.ts","statementMap":{"0":{"start":{"line":10,"column":42},"end":{"line":10,"column":48}},"1":{"start":{"line":12,"column":25},"end":{"line":14,"column":5}},"2":{"start":{"line":16,"column":4},"end":{"line":18,"column":5}},"3":{"start":{"line":17,"column":8},"end":{"line":17,"column":56}},"4":{"start":{"line":20,"column":4},"end":{"line":20,"column":63}},"5":{"start":{"line":26,"column":28},"end":{"line":34,"column":6}},"6":{"start":{"line":44,"column":8},"end":{"line":44,"column":23}},"7":{"start":{"line":47,"column":4},"end":{"line":58,"column":5}}},"fnMap":{"0":{"name":"buildSingleSearchFeedbackRequest","decl":{"start":{"line":8,"column":22},"end":{"line":8,"column":54}},"loc":{"start":{"line":8,"column":179},"end":{"line":21,"column":1}},"line":8},"1":{"name":"buildBatchSearchFeedbackRequest","decl":{"start":{"line":24,"column":22},"end":{"line":24,"column":53}},"loc":{"start":{"line":24,"column":177},"end":{"line":59,"column":1}},"line":24}},"branchMap":{"0":{"loc":{"start":{"line":16,"column":4},"end":{"line":18,"column":5}},"type":"if","locations":[{"start":{"line":16,"column":4},"end":{"line":18,"column":5}},{"start":{"line":16,"column":4},"end":{"line":18,"column":5}}],"line":16},"1":{"loc":{"start":{"line":28,"column":19},"end":{"line":28,"column":95}},"type":"binary-expr","locations":[{"start":{"line":28,"column":19},"end":{"line":28,"column":35}},{"start":{"line":28,"column":39},"end":{"line":28,"column":54}},{"start":{"line":28,"column":58},"end":{"line":28,"column":95}}],"line":28},"2":{"loc":{"start":{"line":29,"column":22},"end":{"line":29,"column":63}},"type":"binary-expr","locations":[{"start":{"line":29,"column":22},"end":{"line":29,"column":41}},{"start":{"line":29,"column":45},"end":{"line":29,"column":63}}],"line":29},"3":{"loc":{"start":{"line":30,"column":23},"end":{"line":30,"column":111}},"type":"binary-expr","locations":[{"start":{"line":30,"column":23},"end":{"line":30,"column":43}},{"start":{"line":30,"column":47},"end":{"line":30,"column":66}},{"start":{"line":30,"column":70},"end":{"line":30,"column":111}}],"line":30},"4":{"loc":{"start":{"line":31,"column":16},"end":{"line":31,"column":45}},"type":"binary-expr","locations":[{"start":{"line":31,"column":16},"end":{"line":31,"column":29}},{"start":{"line":31,"column":33},"end":{"line":31,"column":45}}],"line":31},"5":{"loc":{"start":{"line":32,"column":18},"end":{"line":32,"column":51}},"type":"binary-expr","locations":[{"start":{"line":32,"column":18},"end":{"line":32,"column":33}},{"start":{"line":32,"column":37},"end":{"line":32,"column":51}}],"line":32}},"s":{"0":24,"1":24,"2":24,"3":23,"4":24,"5":28,"6":17,"7":17},"f":{"0":24,"1":28},"b":{"0":[23,1],"1":[28,18,12],"2":[28,14],"3":[28,19,12],"4":[28,9],"5":[28,19]},"_coverageSchema":"1a1c01bbd47fc00a2c39e90264f33305004495a9","hash":"43809674ea913c27296fe8c9cf0d5ed09ff52425"}
,"/home/lalosh/src/javascript-sdk/src/request/search-feedback/search-feedback.schema.ts": {"path":"/home/lalosh/src/javascript-sdk/src/request/search-feedback/search-feedback.schema.ts","statementMap":{"0":{"start":{"line":10,"column":4},"end":{"line":43,"column":5}},"1":{"start":{"line":22,"column":28},"end":{"line":23,"column":45}},"2":{"start":{"line":23,"column":32},"end":{"line":23,"column":45}},"3":{"start":{"line":25,"column":28},"end":{"line":25,"column":40}}},"fnMap":{"0":{"name":"testIfCanAuthenticate","decl":{"start":{"line":20,"column":33},"end":{"line":20,"column":54}},"loc":{"start":{"line":20,"column":71},"end":{"line":26,"column":25}},"line":20}},"branchMap":{"0":{"loc":{"start":{"line":22,"column":28},"end":{"line":23,"column":45}},"type":"if","locations":[{"start":{"line":22,"column":28},"end":{"line":23,"column":45}},{"start":{"line":22,"column":28},"end":{"line":23,"column":45}}],"line":22},"1":{"loc":{"start":{"line":22,"column":32},"end":{"line":22,"column":66}},"type":"binary-expr","locations":[{"start":{"line":22,"column":32},"end":{"line":22,"column":38}},{"start":{"line":22,"column":42},"end":{"line":22,"column":66}}],"line":22}},"s":{"0":16,"1":28,"2":2,"3":26},"f":{"0":28},"b":{"0":[2,26],"1":[28,3]},"_coverageSchema":"1a1c01bbd47fc00a2c39e90264f33305004495a9","hash":"8e34d5d1613678a6a1aacd9c537043745409d883"}
,"/home/lalosh/src/javascript-sdk/src/utils/index.ts": {"path":"/home/lalosh/src/javascript-sdk/src/utils/index.ts","statementMap":{},"fnMap":{},"branchMap":{},"s":{},"f":{},"b":{},"_coverageSchema":"1a1c01bbd47fc00a2c39e90264f33305004495a9","hash":"bb7d6913c0d839f553464bb520bcd8f344c1396a"}
,"/home/lalosh/src/javascript-sdk/src/utils/functional/functional.ts": {"path":"/home/lalosh/src/javascript-sdk/src/utils/functional/functional.ts","statementMap":{"0":{"start":{"line":7,"column":4},"end":{"line":7,"column":31}},"1":{"start":{"line":7,"column":14},"end":{"line":7,"column":31}},"2":{"start":{"line":9,"column":4},"end":{"line":13,"column":7}},"3":{"start":{"line":10,"column":8},"end":{"line":12,"column":9}},"4":{"start":{"line":11,"column":12},"end":{"line":11,"column":27}},"5":{"start":{"line":15,"column":4},"end":{"line":15,"column":15}},"6":{"start":{"line":24,"column":4},"end":{"line":25,"column":19}},"7":{"start":{"line":25,"column":8},"end":{"line":25,"column":19}},"8":{"start":{"line":27,"column":4},"end":{"line":28,"column":20}},"9":{"start":{"line":28,"column":8},"end":{"line":28,"column":20}},"10":{"start":{"line":30,"column":4},"end":{"line":30,"column":17}}},"fnMap":{"0":{"name":"customPickBy","decl":{"start":{"line":5,"column":16},"end":{"line":5,"column":28}},"loc":{"start":{"line":5,"column":66},"end":{"line":16,"column":1}},"line":5},"1":{"name":"(anonymous_1)","decl":{"start":{"line":9,"column":29},"end":{"line":9,"column":30}},"loc":{"start":{"line":9,"column":36},"end":{"line":13,"column":5}},"line":9},"2":{"name":"customIdentity","decl":{"start":{"line":19,"column":16},"end":{"line":19,"column":30}},"loc":{"start":{"line":19,"column":43},"end":{"line":31,"column":1}},"line":19}},"branchMap":{"0":{"loc":{"start":{"line":7,"column":4},"end":{"line":7,"column":31}},"type":"if","locations":[{"start":{"line":7,"column":4},"end":{"line":7,"column":31}},{"start":{"line":7,"column":4},"end":{"line":7,"column":31}}],"line":7},"1":{"loc":{"start":{"line":10,"column":8},"end":{"line":12,"column":9}},"type":"if","locations":[{"start":{"line":10,"column":8},"end":{"line":12,"column":9}},{"start":{"line":10,"column":8},"end":{"line":12,"column":9}}],"line":10},"2":{"loc":{"start":{"line":24,"column":4},"end":{"line":25,"column":19}},"type":"if","locations":[{"start":{"line":24,"column":4},"end":{"line":25,"column":19}},{"start":{"line":24,"column":4},"end":{"line":25,"column":19}}],"line":24},"3":{"loc":{"start":{"line":24,"column":8},"end":{"line":24,"column":46}},"type":"binary-expr","locations":[{"start":{"line":24,"column":8},"end":{"line":24,"column":32}},{"start":{"line":24,"column":36},"end":{"line":24,"column":46}}],"line":24},"4":{"loc":{"start":{"line":27,"column":4},"end":{"line":28,"column":20}},"type":"if","locations":[{"start":{"line":27,"column":4},"end":{"line":28,"column":20}},{"start":{"line":27,"column":4},"end":{"line":28,"column":20}}],"line":27},"5":{"loc":{"start":{"line":27,"column":8},"end":{"line":27,"column":47}},"type":"binary-expr","locations":[{"start":{"line":27,"column":8},"end":{"line":27,"column":32}},{"start":{"line":27,"column":36},"end":{"line":27,"column":47}}],"line":27}},"s":{"0":258,"1":1,"2":257,"3":1078,"4":310,"5":257,"6":1087,"7":10,"8":1077,"9":4,"10":1073},"f":{"0":258,"1":1078,"2":1087},"b":{"0":[1,257],"1":[310,768],"2":[10,1077],"3":[1087,89],"4":[4,1073],"5":[1077,583]},"_coverageSchema":"1a1c01bbd47fc00a2c39e90264f33305004495a9","hash":"374dc9807755d37c66c650b36493618c6d34ca92"}
,"/home/lalosh/src/javascript-sdk/src/utils/http.utils/http.utils.ts": {"path":"/home/lalosh/src/javascript-sdk/src/utils/http.utils/http.utils.ts","statementMap":{"0":{"start":{"line":1,"column":17},"end":{"line":1,"column":37}},"1":{"start":{"line":6,"column":4},"end":{"line":6,"column":42}},"2":{"start":{"line":6,"column":19},"end":{"line":6,"column":42}},"3":{"start":{"line":8,"column":4},"end":{"line":11,"column":5}},"4":{"start":{"line":24,"column":19},"end":{"line":24,"column":33}},"5":{"start":{"line":26,"column":4},"end":{"line":31,"column":7}},"6":{"start":{"line":28,"column":20},"end":{"line":28,"column":28}},"7":{"start":{"line":30,"column":8},"end":{"line":30,"column":79}},"8":{"start":{"line":33,"column":4},"end":{"line":33,"column":20}}},"fnMap":{"0":{"name":"appendJwtTokenHeader","decl":{"start":{"line":4,"column":16},"end":{"line":4,"column":36}},"loc":{"start":{"line":4,"column":83},"end":{"line":12,"column":1}},"line":4},"1":{"name":"toFormData","decl":{"start":{"line":22,"column":17},"end":{"line":22,"column":27}},"loc":{"start":{"line":22,"column":38},"end":{"line":34,"column":1}},"line":22},"2":{"name":"(anonymous_2)","decl":{"start":{"line":26,"column":29},"end":{"line":26,"column":30}},"loc":{"start":{"line":26,"column":36},"end":{"line":31,"column":5}},"line":26}},"branchMap":{"0":{"loc":{"start":{"line":4,"column":56},"end":{"line":4,"column":81}},"type":"default-arg","locations":[{"start":{"line":4,"column":79},"end":{"line":4,"column":81}}],"line":4},"1":{"loc":{"start":{"line":6,"column":4},"end":{"line":6,"column":42}},"type":"if","locations":[{"start":{"line":6,"column":4},"end":{"line":6,"column":42}},{"start":{"line":6,"column":4},"end":{"line":6,"column":42}}],"line":6},"2":{"loc":{"start":{"line":30,"column":29},"end":{"line":30,"column":78}},"type":"cond-expr","locations":[{"start":{"line":30,"column":57},"end":{"line":30,"column":62}},{"start":{"line":30,"column":65},"end":{"line":30,"column":78}}],"line":30}},"s":{"0":21,"1":138,"2":41,"3":97,"4":3,"5":3,"6":4,"7":4,"8":3},"f":{"0":138,"1":3,"2":4},"b":{"0":[0],"1":[41,97],"2":[0,4]},"_coverageSchema":"1a1c01bbd47fc00a2c39e90264f33305004495a9","hash":"8d9f54e103d10b50c5dbaef22e6d6f924c2664cc"}
,"/home/lalosh/src/javascript-sdk/src/utils/string.utils/string.utils.ts": {"path":"/home/lalosh/src/javascript-sdk/src/utils/string.utils/string.utils.ts","statementMap":{"0":{"start":{"line":10,"column":30},"end":{"line":10,"column":106}},"1":{"start":{"line":10,"column":47},"end":{"line":10,"column":106}},"2":{"start":{"line":10,"column":79},"end":{"line":10,"column":105}},"3":{"start":{"line":13,"column":25},"end":{"line":13,"column":27}},"4":{"start":{"line":15,"column":4},"end":{"line":19,"column":7}},"5":{"start":{"line":16,"column":23},"end":{"line":16,"column":26}},"6":{"start":{"line":17,"column":23},"end":{"line":17,"column":45}},"7":{"start":{"line":18,"column":8},"end":{"line":18,"column":42}},"8":{"start":{"line":21,"column":4},"end":{"line":21,"column":21}},"9":{"start":{"line":33,"column":25},"end":{"line":37,"column":5}},"10":{"start":{"line":34,"column":8},"end":{"line":36,"column":53}},"11":{"start":{"line":39,"column":23},"end":{"line":39,"column":25}},"12":{"start":{"line":41,"column":4},"end":{"line":43,"column":53}},"13":{"start":{"line":42,"column":8},"end":{"line":43,"column":53}},"14":{"start":{"line":43,"column":12},"end":{"line":43,"column":53}},"15":{"start":{"line":46,"column":4},"end":{"line":46,"column":58}}},"fnMap":{"0":{"name":"camelCaseToSnackCaseObject","decl":{"start":{"line":4,"column":16},"end":{"line":4,"column":42}},"loc":{"start":{"line":4,"column":56},"end":{"line":22,"column":1}},"line":4},"1":{"name":"(anonymous_1)","decl":{"start":{"line":10,"column":30},"end":{"line":10,"column":31}},"loc":{"start":{"line":10,"column":47},"end":{"line":10,"column":106}},"line":10},"2":{"name":"(anonymous_2)","decl":{"start":{"line":10,"column":69},"end":{"line":10,"column":70}},"loc":{"start":{"line":10,"column":79},"end":{"line":10,"column":105}},"line":10},"3":{"name":"(anonymous_3)","decl":{"start":{"line":15,"column":32},"end":{"line":15,"column":33}},"loc":{"start":{"line":15,"column":39},"end":{"line":19,"column":5}},"line":15},"4":{"name":"convertFacetsObjectIntoString","decl":{"start":{"line":31,"column":16},"end":{"line":31,"column":45}},"loc":{"start":{"line":31,"column":67},"end":{"line":47,"column":1}},"line":31},"5":{"name":"(anonymous_5)","decl":{"start":{"line":33,"column":46},"end":{"line":33,"column":47}},"loc":{"start":{"line":34,"column":8},"end":{"line":36,"column":53}},"line":34}},"branchMap":{"0":{"loc":{"start":{"line":34,"column":8},"end":{"line":36,"column":53}},"type":"binary-expr","locations":[{"start":{"line":34,"column":8},"end":{"line":34,"column":19}},{"start":{"line":35,"column":8},"end":{"line":35,"column":26}},{"start":{"line":36,"column":8},"end":{"line":36,"column":53}}],"line":34}},"s":{"0":59,"1":125,"2":40,"3":59,"4":59,"5":125,"6":125,"7":125,"8":59,"9":4,"10":5,"11":4,"12":4,"13":5,"14":10,"15":4},"f":{"0":59,"1":125,"2":40,"3":125,"4":4,"5":5},"b":{"0":[5,5,5]},"_coverageSchema":"1a1c01bbd47fc00a2c39e90264f33305004495a9","hash":"ec357da9c773fe8141711cabf4d277a624d11a73"}
,"/home/lalosh/src/javascript-sdk/src/utils/test.utils/test.utils.ts": {"path":"/home/lalosh/src/javascript-sdk/src/utils/test.utils/test.utils.ts","statementMap":{"0":{"start":{"line":17,"column":26},"end":{"line":17,"column":67}},"1":{"start":{"line":18,"column":20},"end":{"line":18,"column":61}},"2":{"start":{"line":20,"column":4},"end":{"line":20,"column":37}},"3":{"start":{"line":35,"column":26},"end":{"line":35,"column":67}},"4":{"start":{"line":36,"column":20},"end":{"line":36,"column":73}},"5":{"start":{"line":38,"column":4},"end":{"line":38,"column":37}},"6":{"start":{"line":52,"column":26},"end":{"line":52,"column":67}},"7":{"start":{"line":53,"column":20},"end":{"line":53,"column":67}},"8":{"start":{"line":55,"column":4},"end":{"line":55,"column":37}}},"fnMap":{"0":{"name":"createAndTestSearchURL","decl":{"start":{"line":7,"column":22},"end":{"line":7,"column":44}},"loc":{"start":{"line":15,"column":3},"end":{"line":21,"column":1}},"line":15},"1":{"name":"createAndTestAutocompleteURL","decl":{"start":{"line":25,"column":22},"end":{"line":25,"column":50}},"loc":{"start":{"line":33,"column":3},"end":{"line":39,"column":1}},"line":33},"2":{"name":"createAndTestRecommendURL","decl":{"start":{"line":42,"column":22},"end":{"line":42,"column":47}},"loc":{"start":{"line":50,"column":3},"end":{"line":56,"column":1}},"line":50}},"branchMap":{},"s":{"0":7,"1":7,"2":7,"3":6,"4":6,"5":6,"6":6,"7":6,"8":6},"f":{"0":7,"1":6,"2":6},"b":{},"_coverageSchema":"1a1c01bbd47fc00a2c39e90264f33305004495a9","hash":"2753bed365d748a03266e13fd62dfe16f514b3c0"}
,"/home/lalosh/src/javascript-sdk/src/utils/validations/validations.ts": {"path":"/home/lalosh/src/javascript-sdk/src/utils/validations/validations.ts","statementMap":{"0":{"start":{"line":7,"column":8},"end":{"line":7,"column":194}},"1":{"start":{"line":11,"column":4},"end":{"line":12,"column":45}},"2":{"start":{"line":12,"column":8},"end":{"line":12,"column":45}},"3":{"start":{"line":14,"column":4},"end":{"line":14,"column":16}},"4":{"start":{"line":20,"column":4},"end":{"line":21,"column":20}},"5":{"start":{"line":21,"column":8},"end":{"line":21,"column":20}},"6":{"start":{"line":23,"column":4},"end":{"line":24,"column":21}},"7":{"start":{"line":24,"column":8},"end":{"line":24,"column":21}},"8":{"start":{"line":26,"column":4},"end":{"line":27,"column":21}},"9":{"start":{"line":27,"column":8},"end":{"line":27,"column":21}},"10":{"start":{"line":30,"column":4},"end":{"line":30,"column":16}},"11":{"start":{"line":36,"column":4},"end":{"line":37,"column":21}},"12":{"start":{"line":37,"column":8},"end":{"line":37,"column":21}},"13":{"start":{"line":39,"column":4},"end":{"line":39,"column":16}},"14":{"start":{"line":44,"column":4},"end":{"line":45,"column":21}},"15":{"start":{"line":45,"column":8},"end":{"line":45,"column":21}},"16":{"start":{"line":47,"column":4},"end":{"line":47,"column":16}},"17":{"start":{"line":53,"column":4},"end":{"line":53,"column":47}},"18":{"start":{"line":53,"column":34},"end":{"line":53,"column":47}},"19":{"start":{"line":55,"column":4},"end":{"line":55,"column":37}},"20":{"start":{"line":60,"column":4},"end":{"line":61,"column":20}},"21":{"start":{"line":61,"column":8},"end":{"line":61,"column":20}},"22":{"start":{"line":63,"column":4},"end":{"line":64,"column":39}},"23":{"start":{"line":64,"column":8},"end":{"line":64,"column":39}},"24":{"start":{"line":66,"column":4},"end":{"line":66,"column":17}}},"fnMap":{"0":{"name":"isValidIPAddress","decl":{"start":{"line":3,"column":16},"end":{"line":3,"column":32}},"loc":{"start":{"line":3,"column":49},"end":{"line":15,"column":1}},"line":3},"1":{"name":"isValidIPAddressString","decl":{"start":{"line":5,"column":13},"end":{"line":5,"column":35}},"loc":{"start":{"line":5,"column":55},"end":{"line":8,"column":5}},"line":5},"2":{"name":"isValidDocumentIdForYup","decl":{"start":{"line":18,"column":16},"end":{"line":18,"column":39}},"loc":{"start":{"line":18,"column":52},"end":{"line":31,"column":1}},"line":18},"3":{"name":"isValidHttpMethod","decl":{"start":{"line":34,"column":16},"end":{"line":34,"column":33}},"loc":{"start":{"line":34,"column":50},"end":{"line":40,"column":1}},"line":34},"4":{"name":"isValidBodyType","decl":{"start":{"line":42,"column":16},"end":{"line":42,"column":31}},"loc":{"start":{"line":42,"column":48},"end":{"line":48,"column":1}},"line":42},"5":{"name":"isTruthyString","decl":{"start":{"line":52,"column":16},"end":{"line":52,"column":30}},"loc":{"start":{"line":52,"column":46},"end":{"line":56,"column":1}},"line":52},"6":{"name":"isValidIntegerForYup","decl":{"start":{"line":58,"column":16},"end":{"line":58,"column":36}},"loc":{"start":{"line":58,"column":53},"end":{"line":67,"column":1}},"line":58}},"branchMap":{"0":{"loc":{"start":{"line":11,"column":4},"end":{"line":12,"column":45}},"type":"if","locations":[{"start":{"line":11,"column":4},"end":{"line":12,"column":45}},{"start":{"line":11,"column":4},"end":{"line":12,"column":45}}],"line":11},"1":{"loc":{"start":{"line":11,"column":8},"end":{"line":11,"column":29}},"type":"binary-expr","locations":[{"start":{"line":11,"column":8},"end":{"line":11,"column":13}},{"start":{"line":11,"column":17},"end":{"line":11,"column":29}}],"line":11},"2":{"loc":{"start":{"line":20,"column":4},"end":{"line":21,"column":20}},"type":"if","locations":[{"start":{"line":20,"column":4},"end":{"line":21,"column":20}},{"start":{"line":20,"column":4},"end":{"line":21,"column":20}}],"line":20},"3":{"loc":{"start":{"line":23,"column":4},"end":{"line":24,"column":21}},"type":"if","locations":[{"start":{"line":23,"column":4},"end":{"line":24,"column":21}},{"start":{"line":23,"column":4},"end":{"line":24,"column":21}}],"line":23},"4":{"loc":{"start":{"line":23,"column":8},"end":{"line":23,"column":60}},"type":"binary-expr","locations":[{"start":{"line":23,"column":8},"end":{"line":23,"column":32}},{"start":{"line":23,"column":36},"end":{"line":23,"column":60}}],"line":23},"5":{"loc":{"start":{"line":26,"column":4},"end":{"line":27,"column":21}},"type":"if","locations":[{"start":{"line":26,"column":4},"end":{"line":27,"column":21}},{"start":{"line":26,"column":4},"end":{"line":27,"column":21}}],"line":26},"6":{"loc":{"start":{"line":26,"column":8},"end":{"line":26,"column":53}},"type":"binary-expr","locations":[{"start":{"line":26,"column":8},"end":{"line":26,"column":32}},{"start":{"line":26,"column":36},"end":{"line":26,"column":53}}],"line":26},"7":{"loc":{"start":{"line":36,"column":4},"end":{"line":37,"column":21}},"type":"if","locations":[{"start":{"line":36,"column":4},"end":{"line":37,"column":21}},{"start":{"line":36,"column":4},"end":{"line":37,"column":21}}],"line":36},"8":{"loc":{"start":{"line":36,"column":8},"end":{"line":36,"column":66}},"type":"binary-expr","locations":[{"start":{"line":36,"column":8},"end":{"line":36,"column":13}},{"start":{"line":36,"column":17},"end":{"line":36,"column":66}}],"line":36},"9":{"loc":{"start":{"line":44,"column":4},"end":{"line":45,"column":21}},"type":"if","locations":[{"start":{"line":44,"column":4},"end":{"line":45,"column":21}},{"start":{"line":44,"column":4},"end":{"line":45,"column":21}}],"line":44},"10":{"loc":{"start":{"line":44,"column":8},"end":{"line":44,"column":55}},"type":"binary-expr","locations":[{"start":{"line":44,"column":8},"end":{"line":44,"column":13}},{"start":{"line":44,"column":17},"end":{"line":44,"column":55}}],"line":44},"11":{"loc":{"start":{"line":53,"column":4},"end":{"line":53,"column":47}},"type":"if","locations":[{"start":{"line":53,"column":4},"end":{"line":53,"column":47}},{"start":{"line":53,"column":4},"end":{"line":53,"column":47}}],"line":53},"12":{"loc":{"start":{"line":55,"column":11},"end":{"line":55,"column":36}},"type":"binary-expr","locations":[{"start":{"line":55,"column":11},"end":{"line":55,"column":16}},{"start":{"line":55,"column":20},"end":{"line":55,"column":36}}],"line":55},"13":{"loc":{"start":{"line":60,"column":4},"end":{"line":61,"column":20}},"type":"if","locations":[{"start":{"line":60,"column":4},"end":{"line":61,"column":20}},{"start":{"line":60,"column":4},"end":{"line":61,"column":20}}],"line":60},"14":{"loc":{"start":{"line":63,"column":4},"end":{"line":64,"column":39}},"type":"if","locations":[{"start":{"line":63,"column":4},"end":{"line":64,"column":39}},{"start":{"line":63,"column":4},"end":{"line":64,"column":39}}],"line":63}},"s":{"0":25,"1":258,"2":25,"3":233,"4":444,"5":281,"6":163,"7":3,"8":160,"9":2,"10":158,"11":60,"12":1,"13":59,"14":58,"15":3,"16":55,"17":3,"18":1,"19":2,"20":202,"21":168,"22":34,"23":31,"24":3},"f":{"0":258,"1":25,"2":444,"3":60,"4":58,"5":3,"6":202},"b":{"0":[25,233],"1":[258,25],"2":[281,163],"3":[3,160],"4":[163,5],"5":[2,158],"6":[160,158],"7":[1,59],"8":[60,60],"9":[3,55],"10":[58,58],"11":[1,2],"12":[2,1],"13":[168,34],"14":[31,3]},"_coverageSchema":"1a1c01bbd47fc00a2c39e90264f33305004495a9","hash":"a43d1ce508d634ce3e9fdff5df3551850ef5391f"}
}
