TN:
SF:src/index.ts
FNF:0
FNH:0
DA:1,2
LF:1
LH:1
BRF:0
BRH:0
end_of_record
TN:
SF:src/config/messages.ts
FNF:0
FNH:0
DA:1,20
LF:1
LH:1
BRF:0
BRH:0
end_of_record
TN:
SF:src/core/index.ts
FNF:0
FNH:0
LF:0
LH:0
BRF:0
BRH:0
end_of_record
TN:
SF:src/core/autocomplete/autocomplete.ts
FN:8,lablebClientAutocomplete
FN:24,lablebClientNativeAutocomplete
FN:44,injectFeedbackDataIntoAutocompleteResponse
FN:56,(anonymous_3)
FNF:4
FNH:4
FNDA:5,lablebClientAutocomplete
FNDA:5,lablebClientNativeAutocomplete
FNDA:3,injectFeedbackDataIntoAutocompleteResponse
FNDA:30,(anonymous_3)
DA:17,5
DA:32,5
DA:34,5
DA:52,3
DA:56,30
LF:5
LH:5
BRF:0
BRH:0
end_of_record
TN:
SF:src/core/autocomplete-feedback/autocomplete-feedback.ts
FN:9,lablebClientSingleAutocompleteFeedback
FN:31,lablebClientBatchAutocompleteFeedback
FNF:2
FNH:2
FNDA:3,lablebClientSingleAutocompleteFeedback
FNDA:1,lablebClientBatchAutocompleteFeedback
DA:17,3
DA:19,3
DA:39,1
DA:41,1
LF:4
LH:4
BRF:0
BRH:0
end_of_record
TN:
SF:src/core/delete/delete.ts
FN:8,lablebClientDelete
FNF:1
FNH:1
FNDA:4,lablebClientDelete
DA:16,4
DA:18,3
LF:2
LH:2
BRF:0
BRH:0
end_of_record
TN:
SF:src/core/indexing/indexing.ts
FN:8,lablebClientIndexing
FNF:1
FNH:1
FNDA:7,lablebClientIndexing
DA:16,7
DA:19,4
LF:2
LH:2
BRF:0
BRH:0
end_of_record
TN:
SF:src/core/lableb-client/lableb-client.ts
FN:13,LablebClient
FNF:1
FNH:1
FNDA:41,LablebClient
DA:15,41
DA:16,41
DA:18,41
LF:3
LH:3
BRDA:13,0,0,1
BRF:1
BRH:1
end_of_record
TN:
SF:src/core/recommend/recommend.ts
FN:9,lablebClientRecommend
FN:26,lablebClientNativeRecommend
FN:48,injectFeedbackDataIntoRecommendResponse
FN:60,(anonymous_3)
FNF:4
FNH:4
FNDA:6,lablebClientRecommend
FNDA:6,lablebClientNativeRecommend
FNDA:3,injectFeedbackDataIntoRecommendResponse
FNDA:30,(anonymous_3)
DA:17,6
DA:34,6
DA:36,5
DA:56,3
DA:60,30
LF:5
LH:5
BRF:0
BRH:0
end_of_record
TN:
SF:src/core/recommend-feedback/recommend-feedback.ts
FN:8,lablebClientSingleRecommendFeedback
FN:28,lablebClientBatchRecommendFeedback
FNF:2
FNH:2
FNDA:4,lablebClientSingleRecommendFeedback
FNDA:1,lablebClientBatchRecommendFeedback
DA:16,4
DA:18,4
DA:36,1
DA:38,1
LF:4
LH:4
BRF:0
BRH:0
end_of_record
TN:
SF:src/core/search/search.ts
FN:9,lablebClientSearch
FN:25,lablebClientNativeSearch
FN:47,injectFeedbackDataIntoSearchResponse
FN:59,(anonymous_3)
FNF:4
FNH:4
FNDA:8,lablebClientSearch
FNDA:8,lablebClientNativeSearch
FNDA:4,injectFeedbackDataIntoSearchResponse
FNDA:40,(anonymous_3)
DA:17,8
DA:33,8
DA:35,6
DA:55,4
DA:59,40
LF:5
LH:5
BRF:0
BRH:0
end_of_record
TN:
SF:src/core/search-feedback/search-feedback.ts
FN:8,lablebClientSingleSearchFeedback
FN:28,lablebClientBatchSearchFeedback
FNF:2
FNH:2
FNDA:4,lablebClientSingleSearchFeedback
FNDA:1,lablebClientBatchSearchFeedback
DA:16,4
DA:18,4
DA:36,1
DA:38,1
LF:4
LH:4
BRF:0
BRH:0
end_of_record
TN:
SF:src/http-client/client.schema.ts
FN:16,(anonymous_0)
FN:20,(anonymous_1)
FNF:2
FNH:2
FNDA:110,(anonymous_0)
FNDA:27,(anonymous_1)
DA:6,12
DA:16,110
DA:21,27
DA:22,25
LF:4
LH:4
BRDA:16,0,0,110
BRDA:16,0,1,70
BRDA:21,1,0,2
BRDA:21,1,1,25
BRF:4
BRH:4
end_of_record
TN:
SF:src/http-client/client.ts
FN:8,LablebHttpClient
FN:35,(anonymous_1)
FNF:2
FNH:2
FNDA:55,LablebHttpClient
FNDA:29,(anonymous_1)
DA:17,55
DA:21,45
DA:22,45
DA:27,45
DA:35,29
LF:5
LH:5
BRDA:21,0,0,43
BRDA:21,0,1,2
BRDA:24,1,0,2
BRDA:24,1,1,43
BRF:4
BRH:4
end_of_record
TN:
SF:src/http-client/index.ts
FNF:0
FNH:0
LF:0
LH:0
BRF:0
BRH:0
end_of_record
TN:
SF:src/mocks/handlers.ts
FN:17,(anonymous_0)
FN:45,(anonymous_1)
FN:73,(anonymous_2)
FN:101,(anonymous_3)
FN:128,(anonymous_4)
FN:156,(anonymous_5)
FN:184,(anonymous_6)
FN:212,(anonymous_7)
FN:239,(anonymous_8)
FN:249,(anonymous_9)
FN:260,(anonymous_10)
FN:270,(anonymous_11)
FNF:12
FNH:12
FNDA:6,(anonymous_0)
FNDA:5,(anonymous_1)
FNDA:5,(anonymous_2)
FNDA:4,(anonymous_3)
FNDA:3,(anonymous_4)
FNDA:5,(anonymous_5)
FNDA:4,(anonymous_6)
FNDA:5,(anonymous_7)
FNDA:1,(anonymous_8)
FNDA:1,(anonymous_9)
FNDA:3,(anonymous_10)
FNDA:3,(anonymous_11)
DA:15,24
DA:19,6
DA:20,6
DA:22,4
DA:26,4
DA:36,2
DA:47,5
DA:48,5
DA:51,3
DA:55,3
DA:65,2
DA:75,5
DA:76,5
DA:79,3
DA:83,3
DA:93,2
DA:103,4
DA:104,4
DA:107,2
DA:111,2
DA:121,2
DA:130,3
DA:131,3
DA:134,1
DA:138,1
DA:148,2
DA:158,5
DA:159,5
DA:162,3
DA:166,3
DA:176,2
DA:186,4
DA:187,4
DA:190,2
DA:194,2
DA:204,2
DA:214,5
DA:215,5
DA:218,3
DA:222,3
DA:232,2
DA:241,1
DA:251,1
DA:262,3
DA:272,3
LF:45
LH:45
BRF:0
BRH:0
end_of_record
TN:
SF:src/mocks/manual.api.mock.ts
FN:19,_search
FN:32,_autocomplete
FN:45,_recommend
FN:58,_index
FN:71,_delete
FN:84,_searchFeedback
FN:97,_autocompleteFeedback
FN:111,_recommendFeedback
FNF:8
FNH:8
FNDA:4,_search
FNDA:3,_autocomplete
FNDA:3,_recommend
FNDA:2,_index
FNDA:1,_delete
FNDA:3,_searchFeedback
FNDA:2,_autocompleteFeedback
FNDA:3,_recommendFeedback
DA:12,24
DA:15,24
DA:25,4
DA:39,3
DA:52,3
DA:65,2
DA:78,1
DA:91,3
DA:104,2
DA:118,3
LF:10
LH:10
BRF:0
BRH:0
end_of_record
TN:
SF:src/mocks/mock.extractor.ts
FN:2,extractDataAndAuthenticate
FN:6,(anonymous_1)
FNF:2
FNH:2
FNDA:37,extractDataAndAuthenticate
FNDA:74,(anonymous_1)
DA:4,37
DA:6,37
DA:7,74
DA:14,37
DA:21,16
DA:23,21
LF:6
LH:6
BRDA:14,0,0,16
BRDA:14,0,1,21
BRDA:15,1,0,37
BRDA:15,1,1,29
BRDA:15,1,2,11
BRDA:15,1,3,29
BRDA:15,1,4,8
BRDA:15,1,5,8
BRDA:15,1,6,21
BRDA:15,1,7,0
BRF:10
BRH:9
end_of_record
TN:
SF:src/mocks/server.ts
FNF:0
FNH:0
DA:4,24
LF:1
LH:1
BRF:0
BRH:0
end_of_record
TN:
SF:src/request/autocomplete/autocomplete.request.ts
FN:7,buildAutocompleteRequest
FNF:1
FNH:1
FNDA:25,buildAutocompleteRequest
DA:9,25
DA:26,18
DA:29,18
LF:3
LH:3
BRDA:11,0,0,25
BRDA:11,0,1,10
BRDA:11,0,2,10
BRDA:12,1,0,25
BRDA:12,1,1,7
BRDA:13,2,0,25
BRDA:13,2,1,13
BRDA:13,2,2,10
BRDA:14,3,0,25
BRDA:14,3,1,13
BRDA:15,4,0,25
BRDA:15,4,1,17
BRF:12
BRH:12
end_of_record
TN:
SF:src/request/autocomplete/autocomplete.schema.ts
FN:18,testIfCanAuthenticate
FNF:1
FNH:1
FNDA:25,testIfCanAuthenticate
DA:10,16
DA:20,25
DA:21,1
DA:23,24
LF:4
LH:4
BRDA:20,0,0,1
BRDA:20,0,1,24
BRDA:20,1,0,25
BRDA:20,1,1,2
BRF:4
BRH:4
end_of_record
TN:
SF:src/request/autocomplete-feedback/autocomplete-feedback.request.ts
FN:8,buildSingleAutocompleteFeedbackRequest
FN:24,buildBatchAutocompleteFeedbackRequest
FNF:2
FNH:2
FNDA:23,buildSingleAutocompleteFeedbackRequest
FNDA:27,buildBatchAutocompleteFeedbackRequest
DA:10,23
DA:12,23
DA:16,23
DA:17,22
DA:20,23
DA:27,27
DA:45,16
DA:48,16
LF:8
LH:8
BRDA:16,0,0,22
BRDA:16,0,1,1
BRDA:29,1,0,27
BRDA:29,1,1,17
BRDA:29,1,2,11
BRDA:30,2,0,27
BRDA:30,2,1,13
BRDA:31,3,0,27
BRDA:31,3,1,18
BRDA:31,3,2,11
BRDA:32,4,0,27
BRDA:32,4,1,8
BRDA:33,5,0,27
BRDA:33,5,1,18
BRF:14
BRH:14
end_of_record
TN:
SF:src/request/autocomplete-feedback/autocomplete-feedback.schema.ts
FN:20,testIfCanAuthenticate
FNF:1
FNH:1
FNDA:27,testIfCanAuthenticate
DA:10,16
DA:22,27
DA:23,2
DA:25,25
LF:4
LH:4
BRDA:22,0,0,2
BRDA:22,0,1,25
BRDA:22,1,0,27
BRDA:22,1,1,3
BRF:4
BRH:4
end_of_record
TN:
SF:src/request/delete/delete.request.ts
FN:7,buildDeleteRequest
FNF:1
FNH:1
FNDA:18,buildDeleteRequest
DA:10,18
DA:25,14
DA:29,14
LF:3
LH:3
BRDA:11,0,0,18
BRDA:11,0,1,5
BRDA:11,0,2,4
BRDA:12,1,0,18
BRDA:12,1,1,6
BRDA:13,2,0,18
BRDA:13,2,1,8
BRDA:14,3,0,18
BRDA:14,3,1,15
BRF:9
BRH:9
end_of_record
TN:
SF:src/request/delete/delete.schema.ts
FN:15,testIfCanAuthenticate
FNF:1
FNH:1
FNDA:18,testIfCanAuthenticate
DA:8,16
DA:17,18
DA:18,1
DA:20,17
LF:4
LH:4
BRDA:17,0,0,1
BRDA:17,0,1,17
BRDA:17,1,0,18
BRDA:17,1,1,3
BRF:4
BRH:4
end_of_record
TN:
SF:src/request/feedback/feedback.document.schema.ts
FN:38,notEqualToSourceId
FNF:1
FNH:1
FNDA:31,notEqualToSourceId
DA:9,16
DA:24,16
DA:40,31
DA:41,1
DA:43,30
LF:5
LH:5
BRDA:40,0,0,1
BRDA:40,0,1,30
BRF:2
BRH:2
end_of_record
TN:
SF:src/request/indexing/indexing.request.ts
FN:8,buildIndexingRequest
FNF:1
FNH:1
FNDA:23,buildIndexingRequest
DA:11,23
DA:26,15
DA:30,15
LF:3
LH:3
BRDA:12,0,0,23
BRDA:12,0,1,8
BRDA:12,0,2,7
BRDA:13,1,0,23
BRDA:13,1,1,9
BRDA:14,2,0,23
BRDA:14,2,1,12
BRDA:15,3,0,23
BRDA:15,3,1,19
BRF:9
BRH:9
end_of_record
TN:
SF:src/request/indexing/indexing.schema.ts
FN:25,testIfCanAuthenticate
FNF:1
FNH:1
FNDA:23,testIfCanAuthenticate
DA:18,16
DA:27,23
DA:28,2
DA:30,21
LF:4
LH:4
BRDA:27,0,0,2
BRDA:27,0,1,21
BRDA:27,1,0,23
BRDA:27,1,1,5
BRF:4
BRH:4
end_of_record
TN:
SF:src/request/main/main.request.schema.ts
FNF:0
FNH:0
DA:8,16
DA:26,16
DA:37,16
LF:3
LH:3
BRF:0
BRH:0
end_of_record
TN:
SF:src/request/main/main.request.ts
FN:13,LablebRequestBuilder
FNF:1
FNH:1
FNDA:166,LablebRequestBuilder
DA:15,166
DA:17,166
LF:2
LH:2
BRDA:13,0,0,98
BRF:1
BRH:1
end_of_record
TN:
SF:src/request/recommend/recommend.request.ts
FN:7,buildRecommendRequest
FNF:1
FNH:1
FNDA:28,buildRecommendRequest
DA:10,28
DA:27,19
DA:30,19
LF:3
LH:3
BRDA:12,0,0,28
BRDA:12,0,1,18
BRDA:12,0,2,18
BRDA:13,1,0,28
BRDA:13,1,1,8
BRDA:14,2,0,28
BRDA:14,2,1,21
BRDA:14,2,2,18
BRDA:15,3,0,28
BRDA:15,3,1,14
BRDA:16,4,0,28
BRDA:16,4,1,25
BRF:12
BRH:12
end_of_record
TN:
SF:src/request/recommend/recommend.schema.ts
FN:17,testIfCanAuthenticate
FNF:1
FNH:1
FNDA:28,testIfCanAuthenticate
DA:9,16
DA:19,28
DA:20,1
DA:22,27
LF:4
LH:4
BRDA:19,0,0,1
BRDA:19,0,1,27
BRDA:19,1,0,28
BRDA:19,1,1,2
BRF:4
BRH:4
end_of_record
TN:
SF:src/request/recommend-feedback/recommend-feedback.request.ts
FN:8,buildSingleRecommendFeedbackRequest
FN:24,buildBatchRecommendFeedbackRequest
FNF:2
FNH:2
FNDA:29,buildSingleRecommendFeedbackRequest
FNDA:33,buildBatchRecommendFeedbackRequest
DA:10,29
DA:12,29
DA:16,29
DA:17,28
DA:20,29
DA:27,33
DA:45,18
DA:48,18
LF:8
LH:8
BRDA:16,0,0,28
BRDA:16,0,1,1
BRDA:29,1,0,33
BRDA:29,1,1,18
BRDA:29,1,2,12
BRDA:30,2,0,33
BRDA:30,2,1,14
BRDA:31,3,0,33
BRDA:31,3,1,19
BRDA:31,3,2,12
BRDA:32,4,0,33
BRDA:32,4,1,9
BRDA:33,5,0,33
BRDA:33,5,1,19
BRF:14
BRH:14
end_of_record
TN:
SF:src/request/recommend-feedback/recommend-feedback.schema.ts
FN:20,testIfCanAuthenticate
FNF:1
FNH:1
FNDA:33,testIfCanAuthenticate
DA:10,16
DA:22,33
DA:23,2
DA:25,31
LF:4
LH:4
BRDA:22,0,0,2
BRDA:22,0,1,31
BRDA:22,1,0,33
BRDA:22,1,1,3
BRF:4
BRH:4
end_of_record
TN:
SF:src/request/search/search.request.ts
FN:7,buildSearchRequest
FNF:1
FNH:1
FNDA:31,buildSearchRequest
DA:10,31
DA:29,20
DA:32,20
DA:33,20
DA:34,2
DA:35,2
DA:38,20
LF:7
LH:7
BRDA:12,0,0,31
BRDA:12,0,1,14
BRDA:12,0,2,14
BRDA:13,1,0,31
BRDA:13,1,1,9
BRDA:14,2,0,31
BRDA:14,2,1,17
BRDA:14,2,2,14
BRDA:15,3,0,31
BRDA:15,3,1,20
BRDA:16,4,0,31
BRDA:16,4,1,21
BRDA:33,5,0,2
BRDA:33,5,1,18
BRDA:35,6,0,2
BRDA:35,6,1,0
BRF:16
BRH:15
end_of_record
TN:
SF:src/request/search/search.schema.ts
FN:17,testIfCanAuthenticate
FNF:1
FNH:1
FNDA:31,testIfCanAuthenticate
DA:9,16
DA:19,31
DA:20,1
DA:22,30
LF:4
LH:4
BRDA:19,0,0,1
BRDA:19,0,1,30
BRDA:19,1,0,31
BRDA:19,1,1,7
BRF:4
BRH:4
end_of_record
TN:
SF:src/request/search-feedback/search-feedback.request.ts
FN:8,buildSingleSearchFeedbackRequest
FN:24,buildBatchSearchFeedbackRequest
FNF:2
FNH:2
FNDA:24,buildSingleSearchFeedbackRequest
FNDA:28,buildBatchSearchFeedbackRequest
DA:10,24
DA:12,24
DA:16,24
DA:17,23
DA:20,24
DA:26,28
DA:44,17
DA:47,17
LF:8
LH:8
BRDA:16,0,0,23
BRDA:16,0,1,1
BRDA:28,1,0,28
BRDA:28,1,1,18
BRDA:28,1,2,12
BRDA:29,2,0,28
BRDA:29,2,1,14
BRDA:30,3,0,28
BRDA:30,3,1,19
BRDA:30,3,2,12
BRDA:31,4,0,28
BRDA:31,4,1,9
BRDA:32,5,0,28
BRDA:32,5,1,19
BRF:14
BRH:14
end_of_record
TN:
SF:src/request/search-feedback/search-feedback.schema.ts
FN:20,testIfCanAuthenticate
FNF:1
FNH:1
FNDA:28,testIfCanAuthenticate
DA:10,16
DA:22,28
DA:23,2
DA:25,26
LF:4
LH:4
BRDA:22,0,0,2
BRDA:22,0,1,26
BRDA:22,1,0,28
BRDA:22,1,1,3
BRF:4
BRH:4
end_of_record
TN:
SF:src/utils/index.ts
FNF:0
FNH:0
LF:0
LH:0
BRF:0
BRH:0
end_of_record
TN:
SF:src/utils/functional/functional.ts
FN:5,customPickBy
FN:9,(anonymous_1)
FN:19,customIdentity
FNF:3
FNH:3
FNDA:258,customPickBy
FNDA:1078,(anonymous_1)
FNDA:1087,customIdentity
DA:7,258
DA:9,257
DA:10,1078
DA:11,310
DA:15,257
DA:24,1087
DA:25,10
DA:27,1077
DA:28,4
DA:30,1073
LF:10
LH:10
BRDA:7,0,0,1
BRDA:7,0,1,257
BRDA:10,1,0,310
BRDA:10,1,1,768
BRDA:24,2,0,10
BRDA:24,2,1,1077
BRDA:24,3,0,1087
BRDA:24,3,1,89
BRDA:27,4,0,4
BRDA:27,4,1,1073
BRDA:27,5,0,1077
BRDA:27,5,1,583
BRF:12
BRH:12
end_of_record
TN:
SF:src/utils/http.utils/http.utils.ts
FN:4,appendJwtTokenHeader
FN:22,toFormData
FN:26,(anonymous_2)
FNF:3
FNH:3
FNDA:138,appendJwtTokenHeader
FNDA:3,toFormData
FNDA:4,(anonymous_2)
DA:1,21
DA:6,138
DA:8,97
DA:24,3
DA:26,3
DA:28,4
DA:30,4
DA:33,3
LF:8
LH:8
BRDA:4,0,0,0
BRDA:6,1,0,41
BRDA:6,1,1,97
BRDA:30,2,0,0
BRDA:30,2,1,4
BRF:5
BRH:3
end_of_record
TN:
SF:src/utils/string.utils/string.utils.ts
FN:4,camelCaseToSnackCaseObject
FN:10,(anonymous_1)
FN:10,(anonymous_2)
FN:15,(anonymous_3)
FN:31,convertFacetsObjectIntoString
FN:33,(anonymous_5)
FNF:6
FNH:6
FNDA:59,camelCaseToSnackCaseObject
FNDA:125,(anonymous_1)
FNDA:40,(anonymous_2)
FNDA:125,(anonymous_3)
FNDA:4,convertFacetsObjectIntoString
FNDA:5,(anonymous_5)
DA:10,125
DA:13,59
DA:15,59
DA:16,125
DA:17,125
DA:18,125
DA:21,59
DA:33,4
DA:34,5
DA:39,4
DA:41,4
DA:42,5
DA:43,10
DA:46,4
LF:14
LH:14
BRDA:34,0,0,5
BRDA:34,0,1,5
BRDA:34,0,2,5
BRF:3
BRH:3
end_of_record
TN:
SF:src/utils/test.utils/test.utils.ts
FN:7,createAndTestSearchURL
FN:25,createAndTestAutocompleteURL
FN:42,createAndTestRecommendURL
FNF:3
FNH:3
FNDA:7,createAndTestSearchURL
FNDA:6,createAndTestAutocompleteURL
FNDA:6,createAndTestRecommendURL
DA:17,7
DA:18,7
DA:20,7
DA:35,6
DA:36,6
DA:38,6
DA:52,6
DA:53,6
DA:55,6
LF:9
LH:9
BRF:0
BRH:0
end_of_record
TN:
SF:src/utils/validations/validations.ts
FN:3,isValidIPAddress
FN:5,isValidIPAddressString
FN:18,isValidDocumentIdForYup
FN:34,isValidHttpMethod
FN:42,isValidBodyType
FN:52,isTruthyString
FN:58,isValidIntegerForYup
FNF:7
FNH:7
FNDA:258,isValidIPAddress
FNDA:25,isValidIPAddressString
FNDA:444,isValidDocumentIdForYup
FNDA:60,isValidHttpMethod
FNDA:58,isValidBodyType
FNDA:3,isTruthyString
FNDA:202,isValidIntegerForYup
DA:7,25
DA:11,258
DA:12,25
DA:14,233
DA:20,444
DA:21,281
DA:23,163
DA:24,3
DA:26,160
DA:27,2
DA:30,158
DA:36,60
DA:37,1
DA:39,59
DA:44,58
DA:45,3
DA:47,55
DA:53,3
DA:55,2
DA:60,202
DA:61,168
DA:63,34
DA:64,31
DA:66,3
LF:24
LH:24
BRDA:11,0,0,25
BRDA:11,0,1,233
BRDA:11,1,0,258
BRDA:11,1,1,25
BRDA:20,2,0,281
BRDA:20,2,1,163
BRDA:23,3,0,3
BRDA:23,3,1,160
BRDA:23,4,0,163
BRDA:23,4,1,5
BRDA:26,5,0,2
BRDA:26,5,1,158
BRDA:26,6,0,160
BRDA:26,6,1,158
BRDA:36,7,0,1
BRDA:36,7,1,59
BRDA:36,8,0,60
BRDA:36,8,1,60
BRDA:44,9,0,3
BRDA:44,9,1,55
BRDA:44,10,0,58
BRDA:44,10,1,58
BRDA:53,11,0,1
BRDA:53,11,1,2
BRDA:55,12,0,2
BRDA:55,12,1,1
BRDA:60,13,0,168
BRDA:60,13,1,34
BRDA:63,14,0,31
BRDA:63,14,1,3
BRF:30
BRH:30
end_of_record
